10-Apr-2020 00:58:27.425 INFO [main] org.apache.catalina.startup.VersionLoggerListener.log Server version name:   Apache Tomcat/9.0.21
10-Apr-2020 00:58:27.427 INFO [main] org.apache.catalina.startup.VersionLoggerListener.log Server built:          Jun 4 2019 20:19:36 UTC
10-Apr-2020 00:58:27.427 INFO [main] org.apache.catalina.startup.VersionLoggerListener.log Server version number: 9.0.21.0
10-Apr-2020 00:58:27.427 INFO [main] org.apache.catalina.startup.VersionLoggerListener.log OS Name:               Mac OS X
10-Apr-2020 00:58:27.427 INFO [main] org.apache.catalina.startup.VersionLoggerListener.log OS Version:            10.13.6
10-Apr-2020 00:58:27.427 INFO [main] org.apache.catalina.startup.VersionLoggerListener.log Architecture:          x86_64
10-Apr-2020 00:58:27.427 INFO [main] org.apache.catalina.startup.VersionLoggerListener.log Java Home:             /Library/Java/JavaVirtualMachines/jdk1.8.0_152.jdk/Contents/Home/jre
10-Apr-2020 00:58:27.427 INFO [main] org.apache.catalina.startup.VersionLoggerListener.log JVM Version:           1.8.0_152-b16
10-Apr-2020 00:58:27.427 INFO [main] org.apache.catalina.startup.VersionLoggerListener.log JVM Vendor:            Oracle Corporation
10-Apr-2020 00:58:27.427 INFO [main] org.apache.catalina.startup.VersionLoggerListener.log CATALINA_BASE:         /Users/jaswa-zuch749/Desktop/HackeROFlow/HROF/build/output/Hacker_Overflow/apachetomcat
10-Apr-2020 00:58:27.427 INFO [main] org.apache.catalina.startup.VersionLoggerListener.log CATALINA_HOME:         /Users/jaswa-zuch749/Desktop/HackeROFlow/HROF/build/output/Hacker_Overflow/apachetomcat
10-Apr-2020 00:58:27.432 INFO [main] org.apache.catalina.startup.VersionLoggerListener.log Command line argument: -Djava.util.logging.config.file=/Users/jaswa-zuch749/Desktop/HackeROFlow/HROF/build/output/Hacker_Overflow/apachetomcat/conf/logging.properties
10-Apr-2020 00:58:27.432 INFO [main] org.apache.catalina.startup.VersionLoggerListener.log Command line argument: -Djava.util.logging.manager=org.apache.juli.ClassLoaderLogManager
10-Apr-2020 00:58:27.432 INFO [main] org.apache.catalina.startup.VersionLoggerListener.log Command line argument: -Djdk.tls.ephemeralDHKeySize=2048
10-Apr-2020 00:58:27.432 INFO [main] org.apache.catalina.startup.VersionLoggerListener.log Command line argument: -Djava.protocol.handler.pkgs=org.apache.catalina.webresources
10-Apr-2020 00:58:27.432 INFO [main] org.apache.catalina.startup.VersionLoggerListener.log Command line argument: -Dorg.apache.catalina.security.SecurityListener.UMASK=0027
10-Apr-2020 00:58:27.433 INFO [main] org.apache.catalina.startup.VersionLoggerListener.log Command line argument: -Dignore.endorsed.dirs=
10-Apr-2020 00:58:27.433 INFO [main] org.apache.catalina.startup.VersionLoggerListener.log Command line argument: -Dcatalina.base=/Users/jaswa-zuch749/Desktop/HackeROFlow/HROF/build/output/Hacker_Overflow/apachetomcat
10-Apr-2020 00:58:27.433 INFO [main] org.apache.catalina.startup.VersionLoggerListener.log Command line argument: -Dcatalina.home=/Users/jaswa-zuch749/Desktop/HackeROFlow/HROF/build/output/Hacker_Overflow/apachetomcat
10-Apr-2020 00:58:27.433 INFO [main] org.apache.catalina.startup.VersionLoggerListener.log Command line argument: -Djava.io.tmpdir=/Users/jaswa-zuch749/Desktop/HackeROFlow/HROF/build/output/Hacker_Overflow/apachetomcat/temp
10-Apr-2020 00:58:27.433 INFO [main] org.apache.catalina.core.AprLifecycleListener.lifecycleEvent The APR based Apache Tomcat Native library which allows optimal performance in production environments was not found on the java.library.path: [/Users/jaswa-zuch749/Library/Java/Extensions:/Library/Java/Extensions:/Network/Library/Java/Extensions:/System/Library/Java/Extensions:/usr/lib/java:.]
10-Apr-2020 00:58:27.629 INFO [main] org.apache.coyote.AbstractProtocol.init Initializing ProtocolHandler ["http-nio-8080"]
10-Apr-2020 00:58:27.651 INFO [main] org.apache.coyote.AbstractProtocol.init Initializing ProtocolHandler ["ajp-nio-8009"]
10-Apr-2020 00:58:27.652 INFO [main] org.apache.catalina.startup.Catalina.load Server initialization in [385] milliseconds
10-Apr-2020 00:58:27.672 INFO [main] org.apache.catalina.core.StandardService.startInternal Starting service [Catalina]
10-Apr-2020 00:58:27.672 INFO [main] org.apache.catalina.core.StandardEngine.startInternal Starting Servlet engine: [Apache Tomcat/9.0.21]
10-Apr-2020 00:58:27.689 SEVERE [main] org.apache.catalina.core.ContainerBase.startInternal A child container failed during start
	java.util.concurrent.ExecutionException: org.apache.catalina.LifecycleException: Failed to start component [org.apache.catalina.webresources.StandardRoot@3d921e20]
		at java.util.concurrent.FutureTask.report(FutureTask.java:122)
		at java.util.concurrent.FutureTask.get(FutureTask.java:192)
		at org.apache.catalina.core.ContainerBase.startInternal(ContainerBase.java:916)
		at org.apache.catalina.core.StandardHost.startInternal(StandardHost.java:841)
		at org.apache.catalina.util.LifecycleBase.start(LifecycleBase.java:183)
		at org.apache.catalina.core.ContainerBase$StartChild.call(ContainerBase.java:1384)
		at org.apache.catalina.core.ContainerBase$StartChild.call(ContainerBase.java:1374)
		at java.util.concurrent.FutureTask.run(FutureTask.java:266)
		at org.apache.tomcat.util.threads.InlineExecutorService.execute(InlineExecutorService.java:75)
		at java.util.concurrent.AbstractExecutorService.submit(AbstractExecutorService.java:134)
		at org.apache.catalina.core.ContainerBase.startInternal(ContainerBase.java:909)
		at org.apache.catalina.core.StandardEngine.startInternal(StandardEngine.java:262)
		at org.apache.catalina.util.LifecycleBase.start(LifecycleBase.java:183)
		at org.apache.catalina.core.StandardService.startInternal(StandardService.java:421)
		at org.apache.catalina.util.LifecycleBase.start(LifecycleBase.java:183)
		at org.apache.catalina.core.StandardServer.startInternal(StandardServer.java:932)
		at org.apache.catalina.util.LifecycleBase.start(LifecycleBase.java:183)
		at org.apache.catalina.startup.Catalina.start(Catalina.java:633)
		at sun.reflect.NativeMethodAccessorImpl.invoke0(Native Method)
		at sun.reflect.NativeMethodAccessorImpl.invoke(NativeMethodAccessorImpl.java:62)
		at sun.reflect.DelegatingMethodAccessorImpl.invoke(DelegatingMethodAccessorImpl.java:43)
		at java.lang.reflect.Method.invoke(Method.java:498)
		at org.apache.catalina.startup.Bootstrap.start(Bootstrap.java:344)
		at org.apache.catalina.startup.Bootstrap.main(Bootstrap.java:475)
	Caused by: org.apache.catalina.LifecycleException: Failed to start component [org.apache.catalina.webresources.StandardRoot@3d921e20]
		at org.apache.catalina.util.LifecycleBase.handleSubClassException(LifecycleBase.java:440)
		at org.apache.catalina.util.LifecycleBase.start(LifecycleBase.java:198)
		at org.apache.catalina.core.StandardContext.resourcesStart(StandardContext.java:4797)
		at org.apache.catalina.core.StandardContext.startInternal(StandardContext.java:4932)
		at org.apache.catalina.util.LifecycleBase.start(LifecycleBase.java:183)
		at org.apache.catalina.core.ContainerBase$StartChild.call(ContainerBase.java:1384)
		at org.apache.catalina.core.ContainerBase$StartChild.call(ContainerBase.java:1374)
		at java.util.concurrent.FutureTask.run(FutureTask.java:266)
		at org.apache.tomcat.util.threads.InlineExecutorService.execute(InlineExecutorService.java:75)
		at java.util.concurrent.AbstractExecutorService.submit(AbstractExecutorService.java:134)
		at org.apache.catalina.core.ContainerBase.startInternal(ContainerBase.java:909)
		... 21 more
	Caused by: java.lang.IllegalArgumentException: The main resource set specified [/hackeroverflow/images] is not valid
		at org.apache.catalina.webresources.StandardRoot.createMainResourceSet(StandardRoot.java:752)
		at org.apache.catalina.webresources.StandardRoot.startInternal(StandardRoot.java:709)
		at org.apache.catalina.util.LifecycleBase.start(LifecycleBase.java:183)
		... 30 more
10-Apr-2020 00:58:27.690 SEVERE [main] org.apache.catalina.core.ContainerBase.startInternal A child container failed during start
	java.util.concurrent.ExecutionException: org.apache.catalina.LifecycleException: A child container failed during start
		at java.util.concurrent.FutureTask.report(FutureTask.java:122)
		at java.util.concurrent.FutureTask.get(FutureTask.java:192)
		at org.apache.catalina.core.ContainerBase.startInternal(ContainerBase.java:916)
		at org.apache.catalina.core.StandardEngine.startInternal(StandardEngine.java:262)
		at org.apache.catalina.util.LifecycleBase.start(LifecycleBase.java:183)
		at org.apache.catalina.core.StandardService.startInternal(StandardService.java:421)
		at org.apache.catalina.util.LifecycleBase.start(LifecycleBase.java:183)
		at org.apache.catalina.core.StandardServer.startInternal(StandardServer.java:932)
		at org.apache.catalina.util.LifecycleBase.start(LifecycleBase.java:183)
		at org.apache.catalina.startup.Catalina.start(Catalina.java:633)
		at sun.reflect.NativeMethodAccessorImpl.invoke0(Native Method)
		at sun.reflect.NativeMethodAccessorImpl.invoke(NativeMethodAccessorImpl.java:62)
		at sun.reflect.DelegatingMethodAccessorImpl.invoke(DelegatingMethodAccessorImpl.java:43)
		at java.lang.reflect.Method.invoke(Method.java:498)
		at org.apache.catalina.startup.Bootstrap.start(Bootstrap.java:344)
		at org.apache.catalina.startup.Bootstrap.main(Bootstrap.java:475)
	Caused by: org.apache.catalina.LifecycleException: A child container failed during start
		at org.apache.catalina.core.ContainerBase.startInternal(ContainerBase.java:928)
		at org.apache.catalina.core.StandardHost.startInternal(StandardHost.java:841)
		at org.apache.catalina.util.LifecycleBase.start(LifecycleBase.java:183)
		at org.apache.catalina.core.ContainerBase$StartChild.call(ContainerBase.java:1384)
		at org.apache.catalina.core.ContainerBase$StartChild.call(ContainerBase.java:1374)
		at java.util.concurrent.FutureTask.run(FutureTask.java:266)
		at org.apache.tomcat.util.threads.InlineExecutorService.execute(InlineExecutorService.java:75)
		at java.util.concurrent.AbstractExecutorService.submit(AbstractExecutorService.java:134)
		at org.apache.catalina.core.ContainerBase.startInternal(ContainerBase.java:909)
		... 13 more
	Caused by: java.util.concurrent.ExecutionException: org.apache.catalina.LifecycleException: Failed to start component [org.apache.catalina.webresources.StandardRoot@3d921e20]
		at java.util.concurrent.FutureTask.report(FutureTask.java:122)
		at java.util.concurrent.FutureTask.get(FutureTask.java:192)
		at org.apache.catalina.core.ContainerBase.startInternal(ContainerBase.java:916)
		... 21 more
	Caused by: org.apache.catalina.LifecycleException: Failed to start component [org.apache.catalina.webresources.StandardRoot@3d921e20]
		at org.apache.catalina.util.LifecycleBase.handleSubClassException(LifecycleBase.java:440)
		at org.apache.catalina.util.LifecycleBase.start(LifecycleBase.java:198)
		at org.apache.catalina.core.StandardContext.resourcesStart(StandardContext.java:4797)
		at org.apache.catalina.core.StandardContext.startInternal(StandardContext.java:4932)
		at org.apache.catalina.util.LifecycleBase.start(LifecycleBase.java:183)
		at org.apache.catalina.core.ContainerBase$StartChild.call(ContainerBase.java:1384)
		at org.apache.catalina.core.ContainerBase$StartChild.call(ContainerBase.java:1374)
		at java.util.concurrent.FutureTask.run(FutureTask.java:266)
		at org.apache.tomcat.util.threads.InlineExecutorService.execute(InlineExecutorService.java:75)
		at java.util.concurrent.AbstractExecutorService.submit(AbstractExecutorService.java:134)
		at org.apache.catalina.core.ContainerBase.startInternal(ContainerBase.java:909)
		... 21 more
	Caused by: java.lang.IllegalArgumentException: The main resource set specified [/hackeroverflow/images] is not valid
		at org.apache.catalina.webresources.StandardRoot.createMainResourceSet(StandardRoot.java:752)
		at org.apache.catalina.webresources.StandardRoot.startInternal(StandardRoot.java:709)
		at org.apache.catalina.util.LifecycleBase.start(LifecycleBase.java:183)
		... 30 more
10-Apr-2020 00:58:27.691 SEVERE [main] org.apache.catalina.startup.Catalina.start The required Server component failed to start so Tomcat is unable to start.
	org.apache.catalina.LifecycleException: A child container failed during start
		at org.apache.catalina.core.ContainerBase.startInternal(ContainerBase.java:928)
		at org.apache.catalina.core.StandardEngine.startInternal(StandardEngine.java:262)
		at org.apache.catalina.util.LifecycleBase.start(LifecycleBase.java:183)
		at org.apache.catalina.core.StandardService.startInternal(StandardService.java:421)
		at org.apache.catalina.util.LifecycleBase.start(LifecycleBase.java:183)
		at org.apache.catalina.core.StandardServer.startInternal(StandardServer.java:932)
		at org.apache.catalina.util.LifecycleBase.start(LifecycleBase.java:183)
		at org.apache.catalina.startup.Catalina.start(Catalina.java:633)
		at sun.reflect.NativeMethodAccessorImpl.invoke0(Native Method)
		at sun.reflect.NativeMethodAccessorImpl.invoke(NativeMethodAccessorImpl.java:62)
		at sun.reflect.DelegatingMethodAccessorImpl.invoke(DelegatingMethodAccessorImpl.java:43)
		at java.lang.reflect.Method.invoke(Method.java:498)
		at org.apache.catalina.startup.Bootstrap.start(Bootstrap.java:344)
		at org.apache.catalina.startup.Bootstrap.main(Bootstrap.java:475)
	Caused by: java.util.concurrent.ExecutionException: org.apache.catalina.LifecycleException: A child container failed during start
		at java.util.concurrent.FutureTask.report(FutureTask.java:122)
		at java.util.concurrent.FutureTask.get(FutureTask.java:192)
		at org.apache.catalina.core.ContainerBase.startInternal(ContainerBase.java:916)
		... 13 more
	Caused by: org.apache.catalina.LifecycleException: A child container failed during start
		at org.apache.catalina.core.ContainerBase.startInternal(ContainerBase.java:928)
		at org.apache.catalina.core.StandardHost.startInternal(StandardHost.java:841)
		at org.apache.catalina.util.LifecycleBase.start(LifecycleBase.java:183)
		at org.apache.catalina.core.ContainerBase$StartChild.call(ContainerBase.java:1384)
		at org.apache.catalina.core.ContainerBase$StartChild.call(ContainerBase.java:1374)
		at java.util.concurrent.FutureTask.run(FutureTask.java:266)
		at org.apache.tomcat.util.threads.InlineExecutorService.execute(InlineExecutorService.java:75)
		at java.util.concurrent.AbstractExecutorService.submit(AbstractExecutorService.java:134)
		at org.apache.catalina.core.ContainerBase.startInternal(ContainerBase.java:909)
		... 13 more
	Caused by: java.util.concurrent.ExecutionException: org.apache.catalina.LifecycleException: Failed to start component [org.apache.catalina.webresources.StandardRoot@3d921e20]
		at java.util.concurrent.FutureTask.report(FutureTask.java:122)
		at java.util.concurrent.FutureTask.get(FutureTask.java:192)
		at org.apache.catalina.core.ContainerBase.startInternal(ContainerBase.java:916)
		... 21 more
	Caused by: org.apache.catalina.LifecycleException: Failed to start component [org.apache.catalina.webresources.StandardRoot@3d921e20]
		at org.apache.catalina.util.LifecycleBase.handleSubClassException(LifecycleBase.java:440)
		at org.apache.catalina.util.LifecycleBase.start(LifecycleBase.java:198)
		at org.apache.catalina.core.StandardContext.resourcesStart(StandardContext.java:4797)
		at org.apache.catalina.core.StandardContext.startInternal(StandardContext.java:4932)
		at org.apache.catalina.util.LifecycleBase.start(LifecycleBase.java:183)
		at org.apache.catalina.core.ContainerBase$StartChild.call(ContainerBase.java:1384)
		at org.apache.catalina.core.ContainerBase$StartChild.call(ContainerBase.java:1374)
		at java.util.concurrent.FutureTask.run(FutureTask.java:266)
		at org.apache.tomcat.util.threads.InlineExecutorService.execute(InlineExecutorService.java:75)
		at java.util.concurrent.AbstractExecutorService.submit(AbstractExecutorService.java:134)
		at org.apache.catalina.core.ContainerBase.startInternal(ContainerBase.java:909)
		... 21 more
	Caused by: java.lang.IllegalArgumentException: The main resource set specified [/hackeroverflow/images] is not valid
		at org.apache.catalina.webresources.StandardRoot.createMainResourceSet(StandardRoot.java:752)
		at org.apache.catalina.webresources.StandardRoot.startInternal(StandardRoot.java:709)
		at org.apache.catalina.util.LifecycleBase.start(LifecycleBase.java:183)
		... 30 more
10-Apr-2020 00:58:27.692 INFO [main] org.apache.coyote.AbstractProtocol.pause Pausing ProtocolHandler ["http-nio-8080"]
10-Apr-2020 00:58:27.692 INFO [main] org.apache.coyote.AbstractProtocol.pause Pausing ProtocolHandler ["ajp-nio-8009"]
10-Apr-2020 00:58:27.692 INFO [main] org.apache.catalina.core.StandardService.stopInternal Stopping service [Catalina]
10-Apr-2020 00:58:27.693 INFO [main] org.apache.coyote.AbstractProtocol.destroy Destroying ProtocolHandler ["http-nio-8080"]
10-Apr-2020 00:58:27.696 INFO [main] org.apache.coyote.AbstractProtocol.destroy Destroying ProtocolHandler ["ajp-nio-8009"]
10-Apr-2020 01:04:18.192 INFO [main] org.apache.catalina.startup.VersionLoggerListener.log Server version name:   Apache Tomcat/9.0.21
10-Apr-2020 01:04:18.194 INFO [main] org.apache.catalina.startup.VersionLoggerListener.log Server built:          Jun 4 2019 20:19:36 UTC
10-Apr-2020 01:04:18.194 INFO [main] org.apache.catalina.startup.VersionLoggerListener.log Server version number: 9.0.21.0
10-Apr-2020 01:04:18.194 INFO [main] org.apache.catalina.startup.VersionLoggerListener.log OS Name:               Mac OS X
10-Apr-2020 01:04:18.194 INFO [main] org.apache.catalina.startup.VersionLoggerListener.log OS Version:            10.13.6
10-Apr-2020 01:04:18.194 INFO [main] org.apache.catalina.startup.VersionLoggerListener.log Architecture:          x86_64
10-Apr-2020 01:04:18.194 INFO [main] org.apache.catalina.startup.VersionLoggerListener.log Java Home:             /Library/Java/JavaVirtualMachines/jdk1.8.0_152.jdk/Contents/Home/jre
10-Apr-2020 01:04:18.194 INFO [main] org.apache.catalina.startup.VersionLoggerListener.log JVM Version:           1.8.0_152-b16
10-Apr-2020 01:04:18.194 INFO [main] org.apache.catalina.startup.VersionLoggerListener.log JVM Vendor:            Oracle Corporation
10-Apr-2020 01:04:18.194 INFO [main] org.apache.catalina.startup.VersionLoggerListener.log CATALINA_BASE:         /Users/jaswa-zuch749/Desktop/HackeROFlow/HROF/build/output/Hacker_Overflow/apachetomcat
10-Apr-2020 01:04:18.195 INFO [main] org.apache.catalina.startup.VersionLoggerListener.log CATALINA_HOME:         /Users/jaswa-zuch749/Desktop/HackeROFlow/HROF/build/output/Hacker_Overflow/apachetomcat
10-Apr-2020 01:04:18.198 INFO [main] org.apache.catalina.startup.VersionLoggerListener.log Command line argument: -Djava.util.logging.config.file=/Users/jaswa-zuch749/Desktop/HackeROFlow/HROF/build/output/Hacker_Overflow/apachetomcat/conf/logging.properties
10-Apr-2020 01:04:18.199 INFO [main] org.apache.catalina.startup.VersionLoggerListener.log Command line argument: -Djava.util.logging.manager=org.apache.juli.ClassLoaderLogManager
10-Apr-2020 01:04:18.199 INFO [main] org.apache.catalina.startup.VersionLoggerListener.log Command line argument: -Djdk.tls.ephemeralDHKeySize=2048
10-Apr-2020 01:04:18.199 INFO [main] org.apache.catalina.startup.VersionLoggerListener.log Command line argument: -Djava.protocol.handler.pkgs=org.apache.catalina.webresources
10-Apr-2020 01:04:18.199 INFO [main] org.apache.catalina.startup.VersionLoggerListener.log Command line argument: -Dorg.apache.catalina.security.SecurityListener.UMASK=0027
10-Apr-2020 01:04:18.199 INFO [main] org.apache.catalina.startup.VersionLoggerListener.log Command line argument: -Dignore.endorsed.dirs=
10-Apr-2020 01:04:18.199 INFO [main] org.apache.catalina.startup.VersionLoggerListener.log Command line argument: -Dcatalina.base=/Users/jaswa-zuch749/Desktop/HackeROFlow/HROF/build/output/Hacker_Overflow/apachetomcat
10-Apr-2020 01:04:18.199 INFO [main] org.apache.catalina.startup.VersionLoggerListener.log Command line argument: -Dcatalina.home=/Users/jaswa-zuch749/Desktop/HackeROFlow/HROF/build/output/Hacker_Overflow/apachetomcat
10-Apr-2020 01:04:18.199 INFO [main] org.apache.catalina.startup.VersionLoggerListener.log Command line argument: -Djava.io.tmpdir=/Users/jaswa-zuch749/Desktop/HackeROFlow/HROF/build/output/Hacker_Overflow/apachetomcat/temp
10-Apr-2020 01:04:18.200 INFO [main] org.apache.catalina.core.AprLifecycleListener.lifecycleEvent The APR based Apache Tomcat Native library which allows optimal performance in production environments was not found on the java.library.path: [/Users/jaswa-zuch749/Library/Java/Extensions:/Library/Java/Extensions:/Network/Library/Java/Extensions:/System/Library/Java/Extensions:/usr/lib/java:.]
10-Apr-2020 01:04:18.409 INFO [main] org.apache.coyote.AbstractProtocol.init Initializing ProtocolHandler ["http-nio-8080"]
10-Apr-2020 01:04:18.437 INFO [main] org.apache.coyote.AbstractProtocol.init Initializing ProtocolHandler ["ajp-nio-8009"]
10-Apr-2020 01:04:18.439 INFO [main] org.apache.catalina.startup.Catalina.load Server initialization in [379] milliseconds
10-Apr-2020 01:04:18.467 INFO [main] org.apache.catalina.core.StandardService.startInternal Starting service [Catalina]
10-Apr-2020 01:04:18.468 INFO [main] org.apache.catalina.core.StandardEngine.startInternal Starting Servlet engine: [Apache Tomcat/9.0.21]
10-Apr-2020 01:04:18.631 INFO [main] org.apache.catalina.startup.HostConfig.deployDirectory Deploying web application directory [/Users/jaswa-zuch749/Desktop/HackeROFlow/HROF/build/output/Hacker_Overflow/apachetomcat/webapps/ROOT]
10-Apr-2020 01:04:19.496 INFO [main] org.apache.jasper.servlet.TldScanner.scanJars At least one JAR was scanned for TLDs yet contained no TLDs. Enable debug logging for this logger for a complete list of JARs that were scanned but no TLDs were found in them. Skipping unneeded JARs during scanning can improve startup time and JSP compilation time.
10-Apr-2020 01:04:19.667 INFO [main] com.opensymphony.xwork2.config.providers.XmlConfigurationProvider.info Parsing configuration file [struts-default.xml]
10-Apr-2020 01:04:19.717 INFO [main] com.opensymphony.xwork2.config.providers.XmlConfigurationProvider.info Unable to locate configuration files of the name struts-plugin.xml, skipping
10-Apr-2020 01:04:19.717 INFO [main] com.opensymphony.xwork2.config.providers.XmlConfigurationProvider.info Parsing configuration file [struts-plugin.xml]
10-Apr-2020 01:04:19.722 INFO [main] com.opensymphony.xwork2.config.providers.XmlConfigurationProvider.info Parsing configuration file [struts.xml]
10-Apr-2020 01:04:19.724 INFO [main] org.apache.struts2.config.AbstractBeanSelectionProvider.info Choosing bean (struts) for (com.opensymphony.xwork2.ObjectFactory)
10-Apr-2020 01:04:19.724 INFO [main] org.apache.struts2.config.AbstractBeanSelectionProvider.info Choosing bean (struts) for (com.opensymphony.xwork2.factory.ActionFactory)
10-Apr-2020 01:04:19.724 INFO [main] org.apache.struts2.config.AbstractBeanSelectionProvider.info Choosing bean (struts) for (com.opensymphony.xwork2.factory.ResultFactory)
10-Apr-2020 01:04:19.725 INFO [main] org.apache.struts2.config.AbstractBeanSelectionProvider.info Choosing bean (struts) for (com.opensymphony.xwork2.factory.ConverterFactory)
10-Apr-2020 01:04:19.725 INFO [main] org.apache.struts2.config.AbstractBeanSelectionProvider.info Choosing bean (struts) for (com.opensymphony.xwork2.factory.InterceptorFactory)
10-Apr-2020 01:04:19.725 INFO [main] org.apache.struts2.config.AbstractBeanSelectionProvider.info Choosing bean (struts) for (com.opensymphony.xwork2.factory.ValidatorFactory)
10-Apr-2020 01:04:19.725 INFO [main] org.apache.struts2.config.AbstractBeanSelectionProvider.info Choosing bean (struts) for (com.opensymphony.xwork2.factory.UnknownHandlerFactory)
10-Apr-2020 01:04:19.725 INFO [main] org.apache.struts2.config.AbstractBeanSelectionProvider.info Choosing bean (struts) for (com.opensymphony.xwork2.FileManagerFactory)
10-Apr-2020 01:04:19.726 INFO [main] org.apache.struts2.config.AbstractBeanSelectionProvider.info Choosing bean (struts) for (com.opensymphony.xwork2.conversion.impl.XWorkConverter)
10-Apr-2020 01:04:19.726 INFO [main] org.apache.struts2.config.AbstractBeanSelectionProvider.info Choosing bean (struts) for (com.opensymphony.xwork2.conversion.impl.CollectionConverter)
10-Apr-2020 01:04:19.726 INFO [main] org.apache.struts2.config.AbstractBeanSelectionProvider.info Choosing bean (struts) for (com.opensymphony.xwork2.conversion.impl.ArrayConverter)
10-Apr-2020 01:04:19.726 INFO [main] org.apache.struts2.config.AbstractBeanSelectionProvider.info Choosing bean (struts) for (com.opensymphony.xwork2.conversion.impl.DateConverter)
10-Apr-2020 01:04:19.726 INFO [main] org.apache.struts2.config.AbstractBeanSelectionProvider.info Choosing bean (struts) for (com.opensymphony.xwork2.conversion.impl.NumberConverter)
10-Apr-2020 01:04:19.726 INFO [main] org.apache.struts2.config.AbstractBeanSelectionProvider.info Choosing bean (struts) for (com.opensymphony.xwork2.conversion.impl.StringConverter)
10-Apr-2020 01:04:19.726 INFO [main] org.apache.struts2.config.AbstractBeanSelectionProvider.info Choosing bean (struts) for (com.opensymphony.xwork2.conversion.ConversionPropertiesProcessor)
10-Apr-2020 01:04:19.727 INFO [main] org.apache.struts2.config.AbstractBeanSelectionProvider.info Choosing bean (struts) for (com.opensymphony.xwork2.conversion.ConversionFileProcessor)
10-Apr-2020 01:04:19.727 INFO [main] org.apache.struts2.config.AbstractBeanSelectionProvider.info Choosing bean (struts) for (com.opensymphony.xwork2.conversion.ConversionAnnotationProcessor)
10-Apr-2020 01:04:19.727 INFO [main] org.apache.struts2.config.AbstractBeanSelectionProvider.info Choosing bean (struts) for (com.opensymphony.xwork2.conversion.TypeConverterCreator)
10-Apr-2020 01:04:19.727 INFO [main] org.apache.struts2.config.AbstractBeanSelectionProvider.info Choosing bean (struts) for (com.opensymphony.xwork2.conversion.TypeConverterHolder)
10-Apr-2020 01:04:19.727 INFO [main] org.apache.struts2.config.AbstractBeanSelectionProvider.info Choosing bean (struts) for (com.opensymphony.xwork2.TextProvider)
10-Apr-2020 01:04:19.727 INFO [main] org.apache.struts2.config.AbstractBeanSelectionProvider.info Choosing bean (struts) for (com.opensymphony.xwork2.LocaleProvider)
10-Apr-2020 01:04:19.727 INFO [main] org.apache.struts2.config.AbstractBeanSelectionProvider.info Choosing bean (struts) for (com.opensymphony.xwork2.ActionProxyFactory)
10-Apr-2020 01:04:19.727 INFO [main] org.apache.struts2.config.AbstractBeanSelectionProvider.info Choosing bean (struts) for (com.opensymphony.xwork2.conversion.ObjectTypeDeterminer)
10-Apr-2020 01:04:19.728 INFO [main] org.apache.struts2.config.AbstractBeanSelectionProvider.info Choosing bean (struts) for (org.apache.struts2.dispatcher.mapper.ActionMapper)
10-Apr-2020 01:04:19.728 INFO [main] org.apache.struts2.config.AbstractBeanSelectionProvider.info Choosing bean (jakarta) for (org.apache.struts2.dispatcher.multipart.MultiPartRequest)
10-Apr-2020 01:04:19.728 INFO [main] org.apache.struts2.config.AbstractBeanSelectionProvider.info Choosing bean (struts) for (org.apache.struts2.views.freemarker.FreemarkerManager)
10-Apr-2020 01:04:19.729 INFO [main] org.apache.struts2.config.AbstractBeanSelectionProvider.info Choosing bean (struts) for (org.apache.struts2.components.UrlRenderer)
10-Apr-2020 01:04:19.729 INFO [main] org.apache.struts2.config.AbstractBeanSelectionProvider.info Choosing bean (struts) for (com.opensymphony.xwork2.validator.ActionValidatorManager)
10-Apr-2020 01:04:19.729 INFO [main] org.apache.struts2.config.AbstractBeanSelectionProvider.info Choosing bean (struts) for (com.opensymphony.xwork2.util.ValueStackFactory)
10-Apr-2020 01:04:19.729 INFO [main] org.apache.struts2.config.AbstractBeanSelectionProvider.info Choosing bean (struts) for (com.opensymphony.xwork2.util.reflection.ReflectionProvider)
10-Apr-2020 01:04:19.729 INFO [main] org.apache.struts2.config.AbstractBeanSelectionProvider.info Choosing bean (struts) for (com.opensymphony.xwork2.util.reflection.ReflectionContextFactory)
10-Apr-2020 01:04:19.729 INFO [main] org.apache.struts2.config.AbstractBeanSelectionProvider.info Choosing bean (struts) for (com.opensymphony.xwork2.util.PatternMatcher)
10-Apr-2020 01:04:19.729 INFO [main] org.apache.struts2.config.AbstractBeanSelectionProvider.info Choosing bean (struts) for (org.apache.struts2.util.ContentTypeMatcher)
10-Apr-2020 01:04:19.729 INFO [main] org.apache.struts2.config.AbstractBeanSelectionProvider.info Choosing bean (struts) for (org.apache.struts2.dispatcher.StaticContentLoader)
10-Apr-2020 01:04:19.729 INFO [main] org.apache.struts2.config.AbstractBeanSelectionProvider.info Choosing bean (struts) for (com.opensymphony.xwork2.UnknownHandlerManager)
10-Apr-2020 01:04:19.730 INFO [main] org.apache.struts2.config.AbstractBeanSelectionProvider.info Choosing bean (struts) for (org.apache.struts2.views.util.UrlHelper)
10-Apr-2020 01:04:19.730 INFO [main] org.apache.struts2.config.AbstractBeanSelectionProvider.info Choosing bean (struts) for (com.opensymphony.xwork2.util.TextParser)
10-Apr-2020 01:04:19.730 INFO [main] org.apache.struts2.config.AbstractBeanSelectionProvider.info Choosing bean (struts) for (org.apache.struts2.dispatcher.DispatcherErrorHandler)
10-Apr-2020 01:04:19.730 INFO [main] org.apache.struts2.config.AbstractBeanSelectionProvider.info Choosing bean (struts) for (com.opensymphony.xwork2.security.ExcludedPatternsChecker)
10-Apr-2020 01:04:19.730 INFO [main] org.apache.struts2.config.AbstractBeanSelectionProvider.info Choosing bean (struts) for (com.opensymphony.xwork2.security.AcceptedPatternsChecker)
10-Apr-2020 01:04:20.070 INFO [main] org.apache.catalina.startup.HostConfig.deployDirectory Deployment of web application directory [/Users/jaswa-zuch749/Desktop/HackeROFlow/HROF/build/output/Hacker_Overflow/apachetomcat/webapps/ROOT] has finished in [1,439] ms
10-Apr-2020 01:04:20.072 INFO [main] org.apache.coyote.AbstractProtocol.start Starting ProtocolHandler ["http-nio-8080"]
10-Apr-2020 01:04:20.077 INFO [main] org.apache.coyote.AbstractProtocol.start Starting ProtocolHandler ["ajp-nio-8009"]
10-Apr-2020 01:04:20.079 INFO [main] org.apache.catalina.startup.Catalina.start Server startup in [1,639] milliseconds
10-Apr-2020 01:12:43.830 INFO [Thread-5] org.apache.coyote.AbstractProtocol.pause Pausing ProtocolHandler ["http-nio-8080"]
10-Apr-2020 01:12:43.836 INFO [Thread-5] org.apache.coyote.AbstractProtocol.pause Pausing ProtocolHandler ["ajp-nio-8009"]
10-Apr-2020 01:12:43.844 INFO [Thread-5] org.apache.catalina.core.StandardService.stopInternal Stopping service [Catalina]
10-Apr-2020 01:12:43.860 INFO [Thread-5] org.apache.coyote.AbstractProtocol.stop Stopping ProtocolHandler ["http-nio-8080"]
10-Apr-2020 01:12:43.861 INFO [Thread-5] org.apache.coyote.AbstractProtocol.stop Stopping ProtocolHandler ["ajp-nio-8009"]
10-Apr-2020 01:12:43.862 INFO [Thread-5] org.apache.coyote.AbstractProtocol.destroy Destroying ProtocolHandler ["http-nio-8080"]
10-Apr-2020 01:12:43.862 INFO [Thread-5] org.apache.coyote.AbstractProtocol.destroy Destroying ProtocolHandler ["ajp-nio-8009"]
10-Apr-2020 01:12:50.410 INFO [main] org.apache.catalina.startup.VersionLoggerListener.log Server version name:   Apache Tomcat/9.0.21
10-Apr-2020 01:12:50.411 INFO [main] org.apache.catalina.startup.VersionLoggerListener.log Server built:          Jun 4 2019 20:19:36 UTC
10-Apr-2020 01:12:50.411 INFO [main] org.apache.catalina.startup.VersionLoggerListener.log Server version number: 9.0.21.0
10-Apr-2020 01:12:50.411 INFO [main] org.apache.catalina.startup.VersionLoggerListener.log OS Name:               Mac OS X
10-Apr-2020 01:12:50.411 INFO [main] org.apache.catalina.startup.VersionLoggerListener.log OS Version:            10.13.6
10-Apr-2020 01:12:50.412 INFO [main] org.apache.catalina.startup.VersionLoggerListener.log Architecture:          x86_64
10-Apr-2020 01:12:50.412 INFO [main] org.apache.catalina.startup.VersionLoggerListener.log Java Home:             /Library/Java/JavaVirtualMachines/jdk1.8.0_152.jdk/Contents/Home/jre
10-Apr-2020 01:12:50.412 INFO [main] org.apache.catalina.startup.VersionLoggerListener.log JVM Version:           1.8.0_152-b16
10-Apr-2020 01:12:50.412 INFO [main] org.apache.catalina.startup.VersionLoggerListener.log JVM Vendor:            Oracle Corporation
10-Apr-2020 01:12:50.412 INFO [main] org.apache.catalina.startup.VersionLoggerListener.log CATALINA_BASE:         /Users/jaswa-zuch749/Desktop/HackeROFlow/HROF/build/output/Hacker_Overflow/apachetomcat
10-Apr-2020 01:12:50.412 INFO [main] org.apache.catalina.startup.VersionLoggerListener.log CATALINA_HOME:         /Users/jaswa-zuch749/Desktop/HackeROFlow/HROF/build/output/Hacker_Overflow/apachetomcat
10-Apr-2020 01:12:50.417 INFO [main] org.apache.catalina.startup.VersionLoggerListener.log Command line argument: -Djava.util.logging.config.file=/Users/jaswa-zuch749/Desktop/HackeROFlow/HROF/build/output/Hacker_Overflow/apachetomcat/conf/logging.properties
10-Apr-2020 01:12:50.417 INFO [main] org.apache.catalina.startup.VersionLoggerListener.log Command line argument: -Djava.util.logging.manager=org.apache.juli.ClassLoaderLogManager
10-Apr-2020 01:12:50.417 INFO [main] org.apache.catalina.startup.VersionLoggerListener.log Command line argument: -Djdk.tls.ephemeralDHKeySize=2048
10-Apr-2020 01:12:50.418 INFO [main] org.apache.catalina.startup.VersionLoggerListener.log Command line argument: -Djava.protocol.handler.pkgs=org.apache.catalina.webresources
10-Apr-2020 01:12:50.418 INFO [main] org.apache.catalina.startup.VersionLoggerListener.log Command line argument: -Dorg.apache.catalina.security.SecurityListener.UMASK=0027
10-Apr-2020 01:12:50.418 INFO [main] org.apache.catalina.startup.VersionLoggerListener.log Command line argument: -Dignore.endorsed.dirs=
10-Apr-2020 01:12:50.418 INFO [main] org.apache.catalina.startup.VersionLoggerListener.log Command line argument: -Dcatalina.base=/Users/jaswa-zuch749/Desktop/HackeROFlow/HROF/build/output/Hacker_Overflow/apachetomcat
10-Apr-2020 01:12:50.418 INFO [main] org.apache.catalina.startup.VersionLoggerListener.log Command line argument: -Dcatalina.home=/Users/jaswa-zuch749/Desktop/HackeROFlow/HROF/build/output/Hacker_Overflow/apachetomcat
10-Apr-2020 01:12:50.418 INFO [main] org.apache.catalina.startup.VersionLoggerListener.log Command line argument: -Djava.io.tmpdir=/Users/jaswa-zuch749/Desktop/HackeROFlow/HROF/build/output/Hacker_Overflow/apachetomcat/temp
10-Apr-2020 01:12:50.418 INFO [main] org.apache.catalina.core.AprLifecycleListener.lifecycleEvent The APR based Apache Tomcat Native library which allows optimal performance in production environments was not found on the java.library.path: [/Users/jaswa-zuch749/Library/Java/Extensions:/Library/Java/Extensions:/Network/Library/Java/Extensions:/System/Library/Java/Extensions:/usr/lib/java:.]
10-Apr-2020 01:12:50.611 INFO [main] org.apache.coyote.AbstractProtocol.init Initializing ProtocolHandler ["http-nio-8080"]
10-Apr-2020 01:12:50.630 INFO [main] org.apache.coyote.AbstractProtocol.init Initializing ProtocolHandler ["ajp-nio-8009"]
10-Apr-2020 01:12:50.631 INFO [main] org.apache.catalina.startup.Catalina.load Server initialization in [366] milliseconds
10-Apr-2020 01:12:50.652 INFO [main] org.apache.catalina.core.StandardService.startInternal Starting service [Catalina]
10-Apr-2020 01:12:50.653 INFO [main] org.apache.catalina.core.StandardEngine.startInternal Starting Servlet engine: [Apache Tomcat/9.0.21]
10-Apr-2020 01:12:50.802 INFO [main] org.apache.catalina.startup.HostConfig.deployDirectory Deploying web application directory [/Users/jaswa-zuch749/Desktop/HackeROFlow/HROF/build/output/Hacker_Overflow/apachetomcat/webapps/ROOT]
10-Apr-2020 01:12:51.205 INFO [main] org.apache.jasper.servlet.TldScanner.scanJars At least one JAR was scanned for TLDs yet contained no TLDs. Enable debug logging for this logger for a complete list of JARs that were scanned but no TLDs were found in them. Skipping unneeded JARs during scanning can improve startup time and JSP compilation time.
10-Apr-2020 01:12:51.387 INFO [main] com.opensymphony.xwork2.config.providers.XmlConfigurationProvider.info Parsing configuration file [struts-default.xml]
10-Apr-2020 01:12:51.440 INFO [main] com.opensymphony.xwork2.config.providers.XmlConfigurationProvider.info Unable to locate configuration files of the name struts-plugin.xml, skipping
10-Apr-2020 01:12:51.440 INFO [main] com.opensymphony.xwork2.config.providers.XmlConfigurationProvider.info Parsing configuration file [struts-plugin.xml]
10-Apr-2020 01:12:51.444 INFO [main] com.opensymphony.xwork2.config.providers.XmlConfigurationProvider.info Parsing configuration file [struts.xml]
10-Apr-2020 01:12:51.446 INFO [main] org.apache.struts2.config.AbstractBeanSelectionProvider.info Choosing bean (struts) for (com.opensymphony.xwork2.ObjectFactory)
10-Apr-2020 01:12:51.446 INFO [main] org.apache.struts2.config.AbstractBeanSelectionProvider.info Choosing bean (struts) for (com.opensymphony.xwork2.factory.ActionFactory)
10-Apr-2020 01:12:51.446 INFO [main] org.apache.struts2.config.AbstractBeanSelectionProvider.info Choosing bean (struts) for (com.opensymphony.xwork2.factory.ResultFactory)
10-Apr-2020 01:12:51.446 INFO [main] org.apache.struts2.config.AbstractBeanSelectionProvider.info Choosing bean (struts) for (com.opensymphony.xwork2.factory.ConverterFactory)
10-Apr-2020 01:12:51.446 INFO [main] org.apache.struts2.config.AbstractBeanSelectionProvider.info Choosing bean (struts) for (com.opensymphony.xwork2.factory.InterceptorFactory)
10-Apr-2020 01:12:51.447 INFO [main] org.apache.struts2.config.AbstractBeanSelectionProvider.info Choosing bean (struts) for (com.opensymphony.xwork2.factory.ValidatorFactory)
10-Apr-2020 01:12:51.447 INFO [main] org.apache.struts2.config.AbstractBeanSelectionProvider.info Choosing bean (struts) for (com.opensymphony.xwork2.factory.UnknownHandlerFactory)
10-Apr-2020 01:12:51.447 INFO [main] org.apache.struts2.config.AbstractBeanSelectionProvider.info Choosing bean (struts) for (com.opensymphony.xwork2.FileManagerFactory)
10-Apr-2020 01:12:51.447 INFO [main] org.apache.struts2.config.AbstractBeanSelectionProvider.info Choosing bean (struts) for (com.opensymphony.xwork2.conversion.impl.XWorkConverter)
10-Apr-2020 01:12:51.447 INFO [main] org.apache.struts2.config.AbstractBeanSelectionProvider.info Choosing bean (struts) for (com.opensymphony.xwork2.conversion.impl.CollectionConverter)
10-Apr-2020 01:12:51.447 INFO [main] org.apache.struts2.config.AbstractBeanSelectionProvider.info Choosing bean (struts) for (com.opensymphony.xwork2.conversion.impl.ArrayConverter)
10-Apr-2020 01:12:51.447 INFO [main] org.apache.struts2.config.AbstractBeanSelectionProvider.info Choosing bean (struts) for (com.opensymphony.xwork2.conversion.impl.DateConverter)
10-Apr-2020 01:12:51.447 INFO [main] org.apache.struts2.config.AbstractBeanSelectionProvider.info Choosing bean (struts) for (com.opensymphony.xwork2.conversion.impl.NumberConverter)
10-Apr-2020 01:12:51.448 INFO [main] org.apache.struts2.config.AbstractBeanSelectionProvider.info Choosing bean (struts) for (com.opensymphony.xwork2.conversion.impl.StringConverter)
10-Apr-2020 01:12:51.448 INFO [main] org.apache.struts2.config.AbstractBeanSelectionProvider.info Choosing bean (struts) for (com.opensymphony.xwork2.conversion.ConversionPropertiesProcessor)
10-Apr-2020 01:12:51.448 INFO [main] org.apache.struts2.config.AbstractBeanSelectionProvider.info Choosing bean (struts) for (com.opensymphony.xwork2.conversion.ConversionFileProcessor)
10-Apr-2020 01:12:51.448 INFO [main] org.apache.struts2.config.AbstractBeanSelectionProvider.info Choosing bean (struts) for (com.opensymphony.xwork2.conversion.ConversionAnnotationProcessor)
10-Apr-2020 01:12:51.448 INFO [main] org.apache.struts2.config.AbstractBeanSelectionProvider.info Choosing bean (struts) for (com.opensymphony.xwork2.conversion.TypeConverterCreator)
10-Apr-2020 01:12:51.448 INFO [main] org.apache.struts2.config.AbstractBeanSelectionProvider.info Choosing bean (struts) for (com.opensymphony.xwork2.conversion.TypeConverterHolder)
10-Apr-2020 01:12:51.448 INFO [main] org.apache.struts2.config.AbstractBeanSelectionProvider.info Choosing bean (struts) for (com.opensymphony.xwork2.TextProvider)
10-Apr-2020 01:12:51.448 INFO [main] org.apache.struts2.config.AbstractBeanSelectionProvider.info Choosing bean (struts) for (com.opensymphony.xwork2.LocaleProvider)
10-Apr-2020 01:12:51.449 INFO [main] org.apache.struts2.config.AbstractBeanSelectionProvider.info Choosing bean (struts) for (com.opensymphony.xwork2.ActionProxyFactory)
10-Apr-2020 01:12:51.449 INFO [main] org.apache.struts2.config.AbstractBeanSelectionProvider.info Choosing bean (struts) for (com.opensymphony.xwork2.conversion.ObjectTypeDeterminer)
10-Apr-2020 01:12:51.449 INFO [main] org.apache.struts2.config.AbstractBeanSelectionProvider.info Choosing bean (struts) for (org.apache.struts2.dispatcher.mapper.ActionMapper)
10-Apr-2020 01:12:51.449 INFO [main] org.apache.struts2.config.AbstractBeanSelectionProvider.info Choosing bean (jakarta) for (org.apache.struts2.dispatcher.multipart.MultiPartRequest)
10-Apr-2020 01:12:51.449 INFO [main] org.apache.struts2.config.AbstractBeanSelectionProvider.info Choosing bean (struts) for (org.apache.struts2.views.freemarker.FreemarkerManager)
10-Apr-2020 01:12:51.450 INFO [main] org.apache.struts2.config.AbstractBeanSelectionProvider.info Choosing bean (struts) for (org.apache.struts2.components.UrlRenderer)
10-Apr-2020 01:12:51.450 INFO [main] org.apache.struts2.config.AbstractBeanSelectionProvider.info Choosing bean (struts) for (com.opensymphony.xwork2.validator.ActionValidatorManager)
10-Apr-2020 01:12:51.450 INFO [main] org.apache.struts2.config.AbstractBeanSelectionProvider.info Choosing bean (struts) for (com.opensymphony.xwork2.util.ValueStackFactory)
10-Apr-2020 01:12:51.450 INFO [main] org.apache.struts2.config.AbstractBeanSelectionProvider.info Choosing bean (struts) for (com.opensymphony.xwork2.util.reflection.ReflectionProvider)
10-Apr-2020 01:12:51.450 INFO [main] org.apache.struts2.config.AbstractBeanSelectionProvider.info Choosing bean (struts) for (com.opensymphony.xwork2.util.reflection.ReflectionContextFactory)
10-Apr-2020 01:12:51.451 INFO [main] org.apache.struts2.config.AbstractBeanSelectionProvider.info Choosing bean (struts) for (com.opensymphony.xwork2.util.PatternMatcher)
10-Apr-2020 01:12:51.451 INFO [main] org.apache.struts2.config.AbstractBeanSelectionProvider.info Choosing bean (struts) for (org.apache.struts2.util.ContentTypeMatcher)
10-Apr-2020 01:12:51.451 INFO [main] org.apache.struts2.config.AbstractBeanSelectionProvider.info Choosing bean (struts) for (org.apache.struts2.dispatcher.StaticContentLoader)
10-Apr-2020 01:12:51.451 INFO [main] org.apache.struts2.config.AbstractBeanSelectionProvider.info Choosing bean (struts) for (com.opensymphony.xwork2.UnknownHandlerManager)
10-Apr-2020 01:12:51.451 INFO [main] org.apache.struts2.config.AbstractBeanSelectionProvider.info Choosing bean (struts) for (org.apache.struts2.views.util.UrlHelper)
10-Apr-2020 01:12:51.451 INFO [main] org.apache.struts2.config.AbstractBeanSelectionProvider.info Choosing bean (struts) for (com.opensymphony.xwork2.util.TextParser)
10-Apr-2020 01:12:51.451 INFO [main] org.apache.struts2.config.AbstractBeanSelectionProvider.info Choosing bean (struts) for (org.apache.struts2.dispatcher.DispatcherErrorHandler)
10-Apr-2020 01:12:51.451 INFO [main] org.apache.struts2.config.AbstractBeanSelectionProvider.info Choosing bean (struts) for (com.opensymphony.xwork2.security.ExcludedPatternsChecker)
10-Apr-2020 01:12:51.452 INFO [main] org.apache.struts2.config.AbstractBeanSelectionProvider.info Choosing bean (struts) for (com.opensymphony.xwork2.security.AcceptedPatternsChecker)
10-Apr-2020 01:12:51.789 INFO [main] org.apache.catalina.startup.HostConfig.deployDirectory Deployment of web application directory [/Users/jaswa-zuch749/Desktop/HackeROFlow/HROF/build/output/Hacker_Overflow/apachetomcat/webapps/ROOT] has finished in [986] ms
10-Apr-2020 01:12:51.791 INFO [main] org.apache.coyote.AbstractProtocol.start Starting ProtocolHandler ["http-nio-8080"]
10-Apr-2020 01:12:51.797 INFO [main] org.apache.coyote.AbstractProtocol.start Starting ProtocolHandler ["ajp-nio-8009"]
10-Apr-2020 01:12:51.799 INFO [main] org.apache.catalina.startup.Catalina.start Server startup in [1,167] milliseconds
10-Apr-2020 01:13:03.361 WARNING [http-nio-8080-exec-1] org.apache.struts2.dispatcher.Dispatcher.warn Could not find action or result: /
	There is no Action mapped for namespace [/] and action name [] associated with context path []. - [unknown location]
		at com.opensymphony.xwork2.DefaultActionProxy.prepare(DefaultActionProxy.java:185)
		at org.apache.struts2.impl.StrutsActionProxy.prepare(StrutsActionProxy.java:63)
		at org.apache.struts2.impl.StrutsActionProxyFactory.createActionProxy(StrutsActionProxyFactory.java:37)
		at com.opensymphony.xwork2.DefaultActionProxyFactory.createActionProxy(DefaultActionProxyFactory.java:58)
		at org.apache.struts2.dispatcher.Dispatcher.serviceAction(Dispatcher.java:565)
		at org.apache.struts2.dispatcher.ng.ExecuteOperations.executeAction(ExecuteOperations.java:81)
		at org.apache.struts2.dispatcher.ng.filter.StrutsPrepareAndExecuteFilter.doFilter(StrutsPrepareAndExecuteFilter.java:99)
		at org.apache.catalina.core.ApplicationFilterChain.internalDoFilter(ApplicationFilterChain.java:193)
		at org.apache.catalina.core.ApplicationFilterChain.doFilter(ApplicationFilterChain.java:166)
		at org.apache.catalina.core.StandardWrapperValve.invoke(StandardWrapperValve.java:202)
		at org.apache.catalina.core.StandardContextValve.invoke(StandardContextValve.java:96)
		at org.apache.catalina.authenticator.AuthenticatorBase.invoke(AuthenticatorBase.java:490)
		at org.apache.catalina.core.StandardHostValve.invoke(StandardHostValve.java:139)
		at org.apache.catalina.valves.ErrorReportValve.invoke(ErrorReportValve.java:92)
		at org.apache.catalina.valves.AbstractAccessLogValve.invoke(AbstractAccessLogValve.java:678)
		at org.apache.catalina.core.StandardEngineValve.invoke(StandardEngineValve.java:74)
		at org.apache.catalina.connector.CoyoteAdapter.service(CoyoteAdapter.java:343)
		at org.apache.coyote.http11.Http11Processor.service(Http11Processor.java:408)
		at org.apache.coyote.AbstractProcessorLight.process(AbstractProcessorLight.java:66)
		at org.apache.coyote.AbstractProtocol$ConnectionHandler.process(AbstractProtocol.java:853)
		at org.apache.tomcat.util.net.NioEndpoint$SocketProcessor.doRun(NioEndpoint.java:1587)
		at org.apache.tomcat.util.net.SocketProcessorBase.run(SocketProcessorBase.java:49)
		at java.util.concurrent.ThreadPoolExecutor.runWorker(ThreadPoolExecutor.java:1149)
		at java.util.concurrent.ThreadPoolExecutor$Worker.run(ThreadPoolExecutor.java:624)
		at org.apache.tomcat.util.threads.TaskThread$WrappingRunnable.run(TaskThread.java:61)
		at java.lang.Thread.run(Thread.java:748)
10-Apr-2020 01:14:03.347 INFO [Catalina-utility-2] org.apache.catalina.startup.HostConfig.reload Reloading context []
10-Apr-2020 01:14:03.347 INFO [Catalina-utility-2] org.apache.catalina.core.StandardContext.reload Reloading Context with name [] has started
10-Apr-2020 01:14:03.617 INFO [Catalina-utility-2] org.apache.jasper.servlet.TldScanner.scanJars At least one JAR was scanned for TLDs yet contained no TLDs. Enable debug logging for this logger for a complete list of JARs that were scanned but no TLDs were found in them. Skipping unneeded JARs during scanning can improve startup time and JSP compilation time.
10-Apr-2020 01:14:03.765 INFO [Catalina-utility-2] com.opensymphony.xwork2.config.providers.XmlConfigurationProvider.info Parsing configuration file [struts-default.xml]
10-Apr-2020 01:14:03.826 INFO [Catalina-utility-2] com.opensymphony.xwork2.config.providers.XmlConfigurationProvider.info Unable to locate configuration files of the name struts-plugin.xml, skipping
10-Apr-2020 01:14:03.826 INFO [Catalina-utility-2] com.opensymphony.xwork2.config.providers.XmlConfigurationProvider.info Parsing configuration file [struts-plugin.xml]
10-Apr-2020 01:14:03.829 INFO [Catalina-utility-2] com.opensymphony.xwork2.config.providers.XmlConfigurationProvider.info Parsing configuration file [struts.xml]
10-Apr-2020 01:14:03.831 INFO [Catalina-utility-2] org.apache.struts2.config.AbstractBeanSelectionProvider.info Choosing bean (struts) for (com.opensymphony.xwork2.ObjectFactory)
10-Apr-2020 01:14:03.831 INFO [Catalina-utility-2] org.apache.struts2.config.AbstractBeanSelectionProvider.info Choosing bean (struts) for (com.opensymphony.xwork2.factory.ActionFactory)
10-Apr-2020 01:14:03.831 INFO [Catalina-utility-2] org.apache.struts2.config.AbstractBeanSelectionProvider.info Choosing bean (struts) for (com.opensymphony.xwork2.factory.ResultFactory)
10-Apr-2020 01:14:03.831 INFO [Catalina-utility-2] org.apache.struts2.config.AbstractBeanSelectionProvider.info Choosing bean (struts) for (com.opensymphony.xwork2.factory.ConverterFactory)
10-Apr-2020 01:14:03.832 INFO [Catalina-utility-2] org.apache.struts2.config.AbstractBeanSelectionProvider.info Choosing bean (struts) for (com.opensymphony.xwork2.factory.InterceptorFactory)
10-Apr-2020 01:14:03.832 INFO [Catalina-utility-2] org.apache.struts2.config.AbstractBeanSelectionProvider.info Choosing bean (struts) for (com.opensymphony.xwork2.factory.ValidatorFactory)
10-Apr-2020 01:14:03.832 INFO [Catalina-utility-2] org.apache.struts2.config.AbstractBeanSelectionProvider.info Choosing bean (struts) for (com.opensymphony.xwork2.factory.UnknownHandlerFactory)
10-Apr-2020 01:14:03.832 INFO [Catalina-utility-2] org.apache.struts2.config.AbstractBeanSelectionProvider.info Choosing bean (struts) for (com.opensymphony.xwork2.FileManagerFactory)
10-Apr-2020 01:14:03.832 INFO [Catalina-utility-2] org.apache.struts2.config.AbstractBeanSelectionProvider.info Choosing bean (struts) for (com.opensymphony.xwork2.conversion.impl.XWorkConverter)
10-Apr-2020 01:14:03.832 INFO [Catalina-utility-2] org.apache.struts2.config.AbstractBeanSelectionProvider.info Choosing bean (struts) for (com.opensymphony.xwork2.conversion.impl.CollectionConverter)
10-Apr-2020 01:14:03.832 INFO [Catalina-utility-2] org.apache.struts2.config.AbstractBeanSelectionProvider.info Choosing bean (struts) for (com.opensymphony.xwork2.conversion.impl.ArrayConverter)
10-Apr-2020 01:14:03.832 INFO [Catalina-utility-2] org.apache.struts2.config.AbstractBeanSelectionProvider.info Choosing bean (struts) for (com.opensymphony.xwork2.conversion.impl.DateConverter)
10-Apr-2020 01:14:03.832 INFO [Catalina-utility-2] org.apache.struts2.config.AbstractBeanSelectionProvider.info Choosing bean (struts) for (com.opensymphony.xwork2.conversion.impl.NumberConverter)
10-Apr-2020 01:14:03.833 INFO [Catalina-utility-2] org.apache.struts2.config.AbstractBeanSelectionProvider.info Choosing bean (struts) for (com.opensymphony.xwork2.conversion.impl.StringConverter)
10-Apr-2020 01:14:03.833 INFO [Catalina-utility-2] org.apache.struts2.config.AbstractBeanSelectionProvider.info Choosing bean (struts) for (com.opensymphony.xwork2.conversion.ConversionPropertiesProcessor)
10-Apr-2020 01:14:03.833 INFO [Catalina-utility-2] org.apache.struts2.config.AbstractBeanSelectionProvider.info Choosing bean (struts) for (com.opensymphony.xwork2.conversion.ConversionFileProcessor)
10-Apr-2020 01:14:03.833 INFO [Catalina-utility-2] org.apache.struts2.config.AbstractBeanSelectionProvider.info Choosing bean (struts) for (com.opensymphony.xwork2.conversion.ConversionAnnotationProcessor)
10-Apr-2020 01:14:03.833 INFO [Catalina-utility-2] org.apache.struts2.config.AbstractBeanSelectionProvider.info Choosing bean (struts) for (com.opensymphony.xwork2.conversion.TypeConverterCreator)
10-Apr-2020 01:14:03.833 INFO [Catalina-utility-2] org.apache.struts2.config.AbstractBeanSelectionProvider.info Choosing bean (struts) for (com.opensymphony.xwork2.conversion.TypeConverterHolder)
10-Apr-2020 01:14:03.833 INFO [Catalina-utility-2] org.apache.struts2.config.AbstractBeanSelectionProvider.info Choosing bean (struts) for (com.opensymphony.xwork2.TextProvider)
10-Apr-2020 01:14:03.834 INFO [Catalina-utility-2] org.apache.struts2.config.AbstractBeanSelectionProvider.info Choosing bean (struts) for (com.opensymphony.xwork2.LocaleProvider)
10-Apr-2020 01:14:03.834 INFO [Catalina-utility-2] org.apache.struts2.config.AbstractBeanSelectionProvider.info Choosing bean (struts) for (com.opensymphony.xwork2.ActionProxyFactory)
10-Apr-2020 01:14:03.834 INFO [Catalina-utility-2] org.apache.struts2.config.AbstractBeanSelectionProvider.info Choosing bean (struts) for (com.opensymphony.xwork2.conversion.ObjectTypeDeterminer)
10-Apr-2020 01:14:03.834 INFO [Catalina-utility-2] org.apache.struts2.config.AbstractBeanSelectionProvider.info Choosing bean (struts) for (org.apache.struts2.dispatcher.mapper.ActionMapper)
10-Apr-2020 01:14:03.834 INFO [Catalina-utility-2] org.apache.struts2.config.AbstractBeanSelectionProvider.info Choosing bean (jakarta) for (org.apache.struts2.dispatcher.multipart.MultiPartRequest)
10-Apr-2020 01:14:03.834 INFO [Catalina-utility-2] org.apache.struts2.config.AbstractBeanSelectionProvider.info Choosing bean (struts) for (org.apache.struts2.views.freemarker.FreemarkerManager)
10-Apr-2020 01:14:03.835 INFO [Catalina-utility-2] org.apache.struts2.config.AbstractBeanSelectionProvider.info Choosing bean (struts) for (org.apache.struts2.components.UrlRenderer)
10-Apr-2020 01:14:03.835 INFO [Catalina-utility-2] org.apache.struts2.config.AbstractBeanSelectionProvider.info Choosing bean (struts) for (com.opensymphony.xwork2.validator.ActionValidatorManager)
10-Apr-2020 01:14:03.835 INFO [Catalina-utility-2] org.apache.struts2.config.AbstractBeanSelectionProvider.info Choosing bean (struts) for (com.opensymphony.xwork2.util.ValueStackFactory)
10-Apr-2020 01:14:03.835 INFO [Catalina-utility-2] org.apache.struts2.config.AbstractBeanSelectionProvider.info Choosing bean (struts) for (com.opensymphony.xwork2.util.reflection.ReflectionProvider)
10-Apr-2020 01:14:03.835 INFO [Catalina-utility-2] org.apache.struts2.config.AbstractBeanSelectionProvider.info Choosing bean (struts) for (com.opensymphony.xwork2.util.reflection.ReflectionContextFactory)
10-Apr-2020 01:14:03.835 INFO [Catalina-utility-2] org.apache.struts2.config.AbstractBeanSelectionProvider.info Choosing bean (struts) for (com.opensymphony.xwork2.util.PatternMatcher)
10-Apr-2020 01:14:03.836 INFO [Catalina-utility-2] org.apache.struts2.config.AbstractBeanSelectionProvider.info Choosing bean (struts) for (org.apache.struts2.util.ContentTypeMatcher)
10-Apr-2020 01:14:03.836 INFO [Catalina-utility-2] org.apache.struts2.config.AbstractBeanSelectionProvider.info Choosing bean (struts) for (org.apache.struts2.dispatcher.StaticContentLoader)
10-Apr-2020 01:14:03.836 INFO [Catalina-utility-2] org.apache.struts2.config.AbstractBeanSelectionProvider.info Choosing bean (struts) for (com.opensymphony.xwork2.UnknownHandlerManager)
10-Apr-2020 01:14:03.836 INFO [Catalina-utility-2] org.apache.struts2.config.AbstractBeanSelectionProvider.info Choosing bean (struts) for (org.apache.struts2.views.util.UrlHelper)
10-Apr-2020 01:14:03.836 INFO [Catalina-utility-2] org.apache.struts2.config.AbstractBeanSelectionProvider.info Choosing bean (struts) for (com.opensymphony.xwork2.util.TextParser)
10-Apr-2020 01:14:03.836 INFO [Catalina-utility-2] org.apache.struts2.config.AbstractBeanSelectionProvider.info Choosing bean (struts) for (org.apache.struts2.dispatcher.DispatcherErrorHandler)
10-Apr-2020 01:14:03.836 INFO [Catalina-utility-2] org.apache.struts2.config.AbstractBeanSelectionProvider.info Choosing bean (struts) for (com.opensymphony.xwork2.security.ExcludedPatternsChecker)
10-Apr-2020 01:14:03.836 INFO [Catalina-utility-2] org.apache.struts2.config.AbstractBeanSelectionProvider.info Choosing bean (struts) for (com.opensymphony.xwork2.security.AcceptedPatternsChecker)
10-Apr-2020 01:14:04.182 INFO [Catalina-utility-2] org.apache.catalina.core.StandardContext.reload Reloading Context with name [] is completed
10-Apr-2020 01:14:24.018 INFO [Thread-5] org.apache.coyote.AbstractProtocol.pause Pausing ProtocolHandler ["http-nio-8080"]
10-Apr-2020 01:14:24.024 INFO [Thread-5] org.apache.coyote.AbstractProtocol.pause Pausing ProtocolHandler ["ajp-nio-8009"]
10-Apr-2020 01:14:24.032 INFO [Thread-5] org.apache.catalina.core.StandardService.stopInternal Stopping service [Catalina]
10-Apr-2020 01:14:24.036 INFO [Thread-5] com.opensymphony.xwork2.config.ConfigurationManager.info Detected container provider [Struts XML configuration provider (struts.xml)] needs to be reloaded. Reloading all providers.
10-Apr-2020 01:14:24.060 INFO [Thread-5] com.opensymphony.xwork2.config.providers.XmlConfigurationProvider.info Parsing configuration file [struts-default.xml]
10-Apr-2020 01:14:24.065 INFO [Thread-5] com.opensymphony.xwork2.config.providers.XmlConfigurationProvider.info Unable to locate configuration files of the name struts-plugin.xml, skipping
10-Apr-2020 01:14:24.065 INFO [Thread-5] com.opensymphony.xwork2.config.providers.XmlConfigurationProvider.info Parsing configuration file [struts-plugin.xml]
10-Apr-2020 01:14:24.068 INFO [Thread-5] com.opensymphony.xwork2.config.providers.XmlConfigurationProvider.info Parsing configuration file [struts.xml]
10-Apr-2020 01:14:24.069 INFO [Thread-5] org.apache.struts2.config.AbstractBeanSelectionProvider.info Choosing bean (struts) for (com.opensymphony.xwork2.ObjectFactory)
10-Apr-2020 01:14:24.069 INFO [Thread-5] org.apache.struts2.config.AbstractBeanSelectionProvider.info Choosing bean (struts) for (com.opensymphony.xwork2.factory.ActionFactory)
10-Apr-2020 01:14:24.069 INFO [Thread-5] org.apache.struts2.config.AbstractBeanSelectionProvider.info Choosing bean (struts) for (com.opensymphony.xwork2.factory.ResultFactory)
10-Apr-2020 01:14:24.069 INFO [Thread-5] org.apache.struts2.config.AbstractBeanSelectionProvider.info Choosing bean (struts) for (com.opensymphony.xwork2.factory.ConverterFactory)
10-Apr-2020 01:14:24.069 INFO [Thread-5] org.apache.struts2.config.AbstractBeanSelectionProvider.info Choosing bean (struts) for (com.opensymphony.xwork2.factory.InterceptorFactory)
10-Apr-2020 01:14:24.069 INFO [Thread-5] org.apache.struts2.config.AbstractBeanSelectionProvider.info Choosing bean (struts) for (com.opensymphony.xwork2.factory.ValidatorFactory)
10-Apr-2020 01:14:24.069 INFO [Thread-5] org.apache.struts2.config.AbstractBeanSelectionProvider.info Choosing bean (struts) for (com.opensymphony.xwork2.factory.UnknownHandlerFactory)
10-Apr-2020 01:14:24.069 INFO [Thread-5] org.apache.struts2.config.AbstractBeanSelectionProvider.info Choosing bean (struts) for (com.opensymphony.xwork2.FileManagerFactory)
10-Apr-2020 01:14:24.069 INFO [Thread-5] org.apache.struts2.config.AbstractBeanSelectionProvider.info Choosing bean (struts) for (com.opensymphony.xwork2.conversion.impl.XWorkConverter)
10-Apr-2020 01:14:24.069 INFO [Thread-5] org.apache.struts2.config.AbstractBeanSelectionProvider.info Choosing bean (struts) for (com.opensymphony.xwork2.conversion.impl.CollectionConverter)
10-Apr-2020 01:14:24.070 INFO [Thread-5] org.apache.struts2.config.AbstractBeanSelectionProvider.info Choosing bean (struts) for (com.opensymphony.xwork2.conversion.impl.ArrayConverter)
10-Apr-2020 01:14:24.070 INFO [Thread-5] org.apache.struts2.config.AbstractBeanSelectionProvider.info Choosing bean (struts) for (com.opensymphony.xwork2.conversion.impl.DateConverter)
10-Apr-2020 01:14:24.070 INFO [Thread-5] org.apache.struts2.config.AbstractBeanSelectionProvider.info Choosing bean (struts) for (com.opensymphony.xwork2.conversion.impl.NumberConverter)
10-Apr-2020 01:14:24.070 INFO [Thread-5] org.apache.struts2.config.AbstractBeanSelectionProvider.info Choosing bean (struts) for (com.opensymphony.xwork2.conversion.impl.StringConverter)
10-Apr-2020 01:14:24.070 INFO [Thread-5] org.apache.struts2.config.AbstractBeanSelectionProvider.info Choosing bean (struts) for (com.opensymphony.xwork2.conversion.ConversionPropertiesProcessor)
10-Apr-2020 01:14:24.070 INFO [Thread-5] org.apache.struts2.config.AbstractBeanSelectionProvider.info Choosing bean (struts) for (com.opensymphony.xwork2.conversion.ConversionFileProcessor)
10-Apr-2020 01:14:24.070 INFO [Thread-5] org.apache.struts2.config.AbstractBeanSelectionProvider.info Choosing bean (struts) for (com.opensymphony.xwork2.conversion.ConversionAnnotationProcessor)
10-Apr-2020 01:14:24.070 INFO [Thread-5] org.apache.struts2.config.AbstractBeanSelectionProvider.info Choosing bean (struts) for (com.opensymphony.xwork2.conversion.TypeConverterCreator)
10-Apr-2020 01:14:24.070 INFO [Thread-5] org.apache.struts2.config.AbstractBeanSelectionProvider.info Choosing bean (struts) for (com.opensymphony.xwork2.conversion.TypeConverterHolder)
10-Apr-2020 01:14:24.070 INFO [Thread-5] org.apache.struts2.config.AbstractBeanSelectionProvider.info Choosing bean (struts) for (com.opensymphony.xwork2.TextProvider)
10-Apr-2020 01:14:24.070 INFO [Thread-5] org.apache.struts2.config.AbstractBeanSelectionProvider.info Choosing bean (struts) for (com.opensymphony.xwork2.LocaleProvider)
10-Apr-2020 01:14:24.070 INFO [Thread-5] org.apache.struts2.config.AbstractBeanSelectionProvider.info Choosing bean (struts) for (com.opensymphony.xwork2.ActionProxyFactory)
10-Apr-2020 01:14:24.071 INFO [Thread-5] org.apache.struts2.config.AbstractBeanSelectionProvider.info Choosing bean (struts) for (com.opensymphony.xwork2.conversion.ObjectTypeDeterminer)
10-Apr-2020 01:14:24.071 INFO [Thread-5] org.apache.struts2.config.AbstractBeanSelectionProvider.info Choosing bean (struts) for (org.apache.struts2.dispatcher.mapper.ActionMapper)
10-Apr-2020 01:14:24.071 INFO [Thread-5] org.apache.struts2.config.AbstractBeanSelectionProvider.info Choosing bean (jakarta) for (org.apache.struts2.dispatcher.multipart.MultiPartRequest)
10-Apr-2020 01:14:24.071 INFO [Thread-5] org.apache.struts2.config.AbstractBeanSelectionProvider.info Choosing bean (struts) for (org.apache.struts2.views.freemarker.FreemarkerManager)
10-Apr-2020 01:14:24.072 INFO [Thread-5] org.apache.struts2.config.AbstractBeanSelectionProvider.info Choosing bean (struts) for (org.apache.struts2.components.UrlRenderer)
10-Apr-2020 01:14:24.072 INFO [Thread-5] org.apache.struts2.config.AbstractBeanSelectionProvider.info Choosing bean (struts) for (com.opensymphony.xwork2.validator.ActionValidatorManager)
10-Apr-2020 01:14:24.072 INFO [Thread-5] org.apache.struts2.config.AbstractBeanSelectionProvider.info Choosing bean (struts) for (com.opensymphony.xwork2.util.ValueStackFactory)
10-Apr-2020 01:14:24.072 INFO [Thread-5] org.apache.struts2.config.AbstractBeanSelectionProvider.info Choosing bean (struts) for (com.opensymphony.xwork2.util.reflection.ReflectionProvider)
10-Apr-2020 01:14:24.072 INFO [Thread-5] org.apache.struts2.config.AbstractBeanSelectionProvider.info Choosing bean (struts) for (com.opensymphony.xwork2.util.reflection.ReflectionContextFactory)
10-Apr-2020 01:14:24.072 INFO [Thread-5] org.apache.struts2.config.AbstractBeanSelectionProvider.info Choosing bean (struts) for (com.opensymphony.xwork2.util.PatternMatcher)
10-Apr-2020 01:14:24.072 INFO [Thread-5] org.apache.struts2.config.AbstractBeanSelectionProvider.info Choosing bean (struts) for (org.apache.struts2.util.ContentTypeMatcher)
10-Apr-2020 01:14:24.072 INFO [Thread-5] org.apache.struts2.config.AbstractBeanSelectionProvider.info Choosing bean (struts) for (org.apache.struts2.dispatcher.StaticContentLoader)
10-Apr-2020 01:14:24.072 INFO [Thread-5] org.apache.struts2.config.AbstractBeanSelectionProvider.info Choosing bean (struts) for (com.opensymphony.xwork2.UnknownHandlerManager)
10-Apr-2020 01:14:24.072 INFO [Thread-5] org.apache.struts2.config.AbstractBeanSelectionProvider.info Choosing bean (struts) for (org.apache.struts2.views.util.UrlHelper)
10-Apr-2020 01:14:24.072 INFO [Thread-5] org.apache.struts2.config.AbstractBeanSelectionProvider.info Choosing bean (struts) for (com.opensymphony.xwork2.util.TextParser)
10-Apr-2020 01:14:24.072 INFO [Thread-5] org.apache.struts2.config.AbstractBeanSelectionProvider.info Choosing bean (struts) for (org.apache.struts2.dispatcher.DispatcherErrorHandler)
10-Apr-2020 01:14:24.073 INFO [Thread-5] org.apache.struts2.config.AbstractBeanSelectionProvider.info Choosing bean (struts) for (com.opensymphony.xwork2.security.ExcludedPatternsChecker)
10-Apr-2020 01:14:24.073 INFO [Thread-5] org.apache.struts2.config.AbstractBeanSelectionProvider.info Choosing bean (struts) for (com.opensymphony.xwork2.security.AcceptedPatternsChecker)
10-Apr-2020 01:14:24.092 INFO [Thread-5] org.apache.coyote.AbstractProtocol.stop Stopping ProtocolHandler ["http-nio-8080"]
10-Apr-2020 01:14:24.093 INFO [Thread-5] org.apache.coyote.AbstractProtocol.stop Stopping ProtocolHandler ["ajp-nio-8009"]
10-Apr-2020 01:14:24.094 INFO [Thread-5] org.apache.coyote.AbstractProtocol.destroy Destroying ProtocolHandler ["http-nio-8080"]
10-Apr-2020 01:14:24.094 INFO [Thread-5] org.apache.coyote.AbstractProtocol.destroy Destroying ProtocolHandler ["ajp-nio-8009"]
10-Apr-2020 01:14:27.585 INFO [main] org.apache.catalina.startup.VersionLoggerListener.log Server version name:   Apache Tomcat/9.0.21
10-Apr-2020 01:14:27.586 INFO [main] org.apache.catalina.startup.VersionLoggerListener.log Server built:          Jun 4 2019 20:19:36 UTC
10-Apr-2020 01:14:27.586 INFO [main] org.apache.catalina.startup.VersionLoggerListener.log Server version number: 9.0.21.0
10-Apr-2020 01:14:27.586 INFO [main] org.apache.catalina.startup.VersionLoggerListener.log OS Name:               Mac OS X
10-Apr-2020 01:14:27.586 INFO [main] org.apache.catalina.startup.VersionLoggerListener.log OS Version:            10.13.6
10-Apr-2020 01:14:27.586 INFO [main] org.apache.catalina.startup.VersionLoggerListener.log Architecture:          x86_64
10-Apr-2020 01:14:27.586 INFO [main] org.apache.catalina.startup.VersionLoggerListener.log Java Home:             /Library/Java/JavaVirtualMachines/jdk1.8.0_152.jdk/Contents/Home/jre
10-Apr-2020 01:14:27.586 INFO [main] org.apache.catalina.startup.VersionLoggerListener.log JVM Version:           1.8.0_152-b16
10-Apr-2020 01:14:27.586 INFO [main] org.apache.catalina.startup.VersionLoggerListener.log JVM Vendor:            Oracle Corporation
10-Apr-2020 01:14:27.587 INFO [main] org.apache.catalina.startup.VersionLoggerListener.log CATALINA_BASE:         /Users/jaswa-zuch749/Desktop/HackeROFlow/HROF/build/output/Hacker_Overflow/apachetomcat
10-Apr-2020 01:14:27.587 INFO [main] org.apache.catalina.startup.VersionLoggerListener.log CATALINA_HOME:         /Users/jaswa-zuch749/Desktop/HackeROFlow/HROF/build/output/Hacker_Overflow/apachetomcat
10-Apr-2020 01:14:27.592 INFO [main] org.apache.catalina.startup.VersionLoggerListener.log Command line argument: -Djava.util.logging.config.file=/Users/jaswa-zuch749/Desktop/HackeROFlow/HROF/build/output/Hacker_Overflow/apachetomcat/conf/logging.properties
10-Apr-2020 01:14:27.592 INFO [main] org.apache.catalina.startup.VersionLoggerListener.log Command line argument: -Djava.util.logging.manager=org.apache.juli.ClassLoaderLogManager
10-Apr-2020 01:14:27.592 INFO [main] org.apache.catalina.startup.VersionLoggerListener.log Command line argument: -Djdk.tls.ephemeralDHKeySize=2048
10-Apr-2020 01:14:27.592 INFO [main] org.apache.catalina.startup.VersionLoggerListener.log Command line argument: -Djava.protocol.handler.pkgs=org.apache.catalina.webresources
10-Apr-2020 01:14:27.592 INFO [main] org.apache.catalina.startup.VersionLoggerListener.log Command line argument: -Dorg.apache.catalina.security.SecurityListener.UMASK=0027
10-Apr-2020 01:14:27.592 INFO [main] org.apache.catalina.startup.VersionLoggerListener.log Command line argument: -Dignore.endorsed.dirs=
10-Apr-2020 01:14:27.592 INFO [main] org.apache.catalina.startup.VersionLoggerListener.log Command line argument: -Dcatalina.base=/Users/jaswa-zuch749/Desktop/HackeROFlow/HROF/build/output/Hacker_Overflow/apachetomcat
10-Apr-2020 01:14:27.592 INFO [main] org.apache.catalina.startup.VersionLoggerListener.log Command line argument: -Dcatalina.home=/Users/jaswa-zuch749/Desktop/HackeROFlow/HROF/build/output/Hacker_Overflow/apachetomcat
10-Apr-2020 01:14:27.592 INFO [main] org.apache.catalina.startup.VersionLoggerListener.log Command line argument: -Djava.io.tmpdir=/Users/jaswa-zuch749/Desktop/HackeROFlow/HROF/build/output/Hacker_Overflow/apachetomcat/temp
10-Apr-2020 01:14:27.592 INFO [main] org.apache.catalina.core.AprLifecycleListener.lifecycleEvent The APR based Apache Tomcat Native library which allows optimal performance in production environments was not found on the java.library.path: [/Users/jaswa-zuch749/Library/Java/Extensions:/Library/Java/Extensions:/Network/Library/Java/Extensions:/System/Library/Java/Extensions:/usr/lib/java:.]
10-Apr-2020 01:14:27.787 INFO [main] org.apache.coyote.AbstractProtocol.init Initializing ProtocolHandler ["http-nio-8080"]
10-Apr-2020 01:14:27.807 INFO [main] org.apache.coyote.AbstractProtocol.init Initializing ProtocolHandler ["ajp-nio-8009"]
10-Apr-2020 01:14:27.808 INFO [main] org.apache.catalina.startup.Catalina.load Server initialization in [359] milliseconds
10-Apr-2020 01:14:27.827 INFO [main] org.apache.catalina.core.StandardService.startInternal Starting service [Catalina]
10-Apr-2020 01:14:27.827 INFO [main] org.apache.catalina.core.StandardEngine.startInternal Starting Servlet engine: [Apache Tomcat/9.0.21]
10-Apr-2020 01:14:27.972 INFO [main] org.apache.catalina.startup.HostConfig.deployDirectory Deploying web application directory [/Users/jaswa-zuch749/Desktop/HackeROFlow/HROF/build/output/Hacker_Overflow/apachetomcat/webapps/ROOT]
10-Apr-2020 01:14:28.317 INFO [main] org.apache.jasper.servlet.TldScanner.scanJars At least one JAR was scanned for TLDs yet contained no TLDs. Enable debug logging for this logger for a complete list of JARs that were scanned but no TLDs were found in them. Skipping unneeded JARs during scanning can improve startup time and JSP compilation time.
10-Apr-2020 01:14:28.495 INFO [main] com.opensymphony.xwork2.config.providers.XmlConfigurationProvider.info Parsing configuration file [struts-default.xml]
10-Apr-2020 01:14:28.547 INFO [main] com.opensymphony.xwork2.config.providers.XmlConfigurationProvider.info Unable to locate configuration files of the name struts-plugin.xml, skipping
10-Apr-2020 01:14:28.547 INFO [main] com.opensymphony.xwork2.config.providers.XmlConfigurationProvider.info Parsing configuration file [struts-plugin.xml]
10-Apr-2020 01:14:28.551 INFO [main] com.opensymphony.xwork2.config.providers.XmlConfigurationProvider.info Parsing configuration file [struts.xml]
10-Apr-2020 01:14:28.553 INFO [main] org.apache.struts2.config.AbstractBeanSelectionProvider.info Choosing bean (struts) for (com.opensymphony.xwork2.ObjectFactory)
10-Apr-2020 01:14:28.553 INFO [main] org.apache.struts2.config.AbstractBeanSelectionProvider.info Choosing bean (struts) for (com.opensymphony.xwork2.factory.ActionFactory)
10-Apr-2020 01:14:28.553 INFO [main] org.apache.struts2.config.AbstractBeanSelectionProvider.info Choosing bean (struts) for (com.opensymphony.xwork2.factory.ResultFactory)
10-Apr-2020 01:14:28.553 INFO [main] org.apache.struts2.config.AbstractBeanSelectionProvider.info Choosing bean (struts) for (com.opensymphony.xwork2.factory.ConverterFactory)
10-Apr-2020 01:14:28.553 INFO [main] org.apache.struts2.config.AbstractBeanSelectionProvider.info Choosing bean (struts) for (com.opensymphony.xwork2.factory.InterceptorFactory)
10-Apr-2020 01:14:28.553 INFO [main] org.apache.struts2.config.AbstractBeanSelectionProvider.info Choosing bean (struts) for (com.opensymphony.xwork2.factory.ValidatorFactory)
10-Apr-2020 01:14:28.554 INFO [main] org.apache.struts2.config.AbstractBeanSelectionProvider.info Choosing bean (struts) for (com.opensymphony.xwork2.factory.UnknownHandlerFactory)
10-Apr-2020 01:14:28.554 INFO [main] org.apache.struts2.config.AbstractBeanSelectionProvider.info Choosing bean (struts) for (com.opensymphony.xwork2.FileManagerFactory)
10-Apr-2020 01:14:28.554 INFO [main] org.apache.struts2.config.AbstractBeanSelectionProvider.info Choosing bean (struts) for (com.opensymphony.xwork2.conversion.impl.XWorkConverter)
10-Apr-2020 01:14:28.554 INFO [main] org.apache.struts2.config.AbstractBeanSelectionProvider.info Choosing bean (struts) for (com.opensymphony.xwork2.conversion.impl.CollectionConverter)
10-Apr-2020 01:14:28.554 INFO [main] org.apache.struts2.config.AbstractBeanSelectionProvider.info Choosing bean (struts) for (com.opensymphony.xwork2.conversion.impl.ArrayConverter)
10-Apr-2020 01:14:28.554 INFO [main] org.apache.struts2.config.AbstractBeanSelectionProvider.info Choosing bean (struts) for (com.opensymphony.xwork2.conversion.impl.DateConverter)
10-Apr-2020 01:14:28.554 INFO [main] org.apache.struts2.config.AbstractBeanSelectionProvider.info Choosing bean (struts) for (com.opensymphony.xwork2.conversion.impl.NumberConverter)
10-Apr-2020 01:14:28.554 INFO [main] org.apache.struts2.config.AbstractBeanSelectionProvider.info Choosing bean (struts) for (com.opensymphony.xwork2.conversion.impl.StringConverter)
10-Apr-2020 01:14:28.554 INFO [main] org.apache.struts2.config.AbstractBeanSelectionProvider.info Choosing bean (struts) for (com.opensymphony.xwork2.conversion.ConversionPropertiesProcessor)
10-Apr-2020 01:14:28.555 INFO [main] org.apache.struts2.config.AbstractBeanSelectionProvider.info Choosing bean (struts) for (com.opensymphony.xwork2.conversion.ConversionFileProcessor)
10-Apr-2020 01:14:28.555 INFO [main] org.apache.struts2.config.AbstractBeanSelectionProvider.info Choosing bean (struts) for (com.opensymphony.xwork2.conversion.ConversionAnnotationProcessor)
10-Apr-2020 01:14:28.555 INFO [main] org.apache.struts2.config.AbstractBeanSelectionProvider.info Choosing bean (struts) for (com.opensymphony.xwork2.conversion.TypeConverterCreator)
10-Apr-2020 01:14:28.555 INFO [main] org.apache.struts2.config.AbstractBeanSelectionProvider.info Choosing bean (struts) for (com.opensymphony.xwork2.conversion.TypeConverterHolder)
10-Apr-2020 01:14:28.555 INFO [main] org.apache.struts2.config.AbstractBeanSelectionProvider.info Choosing bean (struts) for (com.opensymphony.xwork2.TextProvider)
10-Apr-2020 01:14:28.555 INFO [main] org.apache.struts2.config.AbstractBeanSelectionProvider.info Choosing bean (struts) for (com.opensymphony.xwork2.LocaleProvider)
10-Apr-2020 01:14:28.555 INFO [main] org.apache.struts2.config.AbstractBeanSelectionProvider.info Choosing bean (struts) for (com.opensymphony.xwork2.ActionProxyFactory)
10-Apr-2020 01:14:28.555 INFO [main] org.apache.struts2.config.AbstractBeanSelectionProvider.info Choosing bean (struts) for (com.opensymphony.xwork2.conversion.ObjectTypeDeterminer)
10-Apr-2020 01:14:28.555 INFO [main] org.apache.struts2.config.AbstractBeanSelectionProvider.info Choosing bean (struts) for (org.apache.struts2.dispatcher.mapper.ActionMapper)
10-Apr-2020 01:14:28.556 INFO [main] org.apache.struts2.config.AbstractBeanSelectionProvider.info Choosing bean (jakarta) for (org.apache.struts2.dispatcher.multipart.MultiPartRequest)
10-Apr-2020 01:14:28.556 INFO [main] org.apache.struts2.config.AbstractBeanSelectionProvider.info Choosing bean (struts) for (org.apache.struts2.views.freemarker.FreemarkerManager)
10-Apr-2020 01:14:28.556 INFO [main] org.apache.struts2.config.AbstractBeanSelectionProvider.info Choosing bean (struts) for (org.apache.struts2.components.UrlRenderer)
10-Apr-2020 01:14:28.556 INFO [main] org.apache.struts2.config.AbstractBeanSelectionProvider.info Choosing bean (struts) for (com.opensymphony.xwork2.validator.ActionValidatorManager)
10-Apr-2020 01:14:28.557 INFO [main] org.apache.struts2.config.AbstractBeanSelectionProvider.info Choosing bean (struts) for (com.opensymphony.xwork2.util.ValueStackFactory)
10-Apr-2020 01:14:28.557 INFO [main] org.apache.struts2.config.AbstractBeanSelectionProvider.info Choosing bean (struts) for (com.opensymphony.xwork2.util.reflection.ReflectionProvider)
10-Apr-2020 01:14:28.557 INFO [main] org.apache.struts2.config.AbstractBeanSelectionProvider.info Choosing bean (struts) for (com.opensymphony.xwork2.util.reflection.ReflectionContextFactory)
10-Apr-2020 01:14:28.557 INFO [main] org.apache.struts2.config.AbstractBeanSelectionProvider.info Choosing bean (struts) for (com.opensymphony.xwork2.util.PatternMatcher)
10-Apr-2020 01:14:28.557 INFO [main] org.apache.struts2.config.AbstractBeanSelectionProvider.info Choosing bean (struts) for (org.apache.struts2.util.ContentTypeMatcher)
10-Apr-2020 01:14:28.557 INFO [main] org.apache.struts2.config.AbstractBeanSelectionProvider.info Choosing bean (struts) for (org.apache.struts2.dispatcher.StaticContentLoader)
10-Apr-2020 01:14:28.557 INFO [main] org.apache.struts2.config.AbstractBeanSelectionProvider.info Choosing bean (struts) for (com.opensymphony.xwork2.UnknownHandlerManager)
10-Apr-2020 01:14:28.557 INFO [main] org.apache.struts2.config.AbstractBeanSelectionProvider.info Choosing bean (struts) for (org.apache.struts2.views.util.UrlHelper)
10-Apr-2020 01:14:28.557 INFO [main] org.apache.struts2.config.AbstractBeanSelectionProvider.info Choosing bean (struts) for (com.opensymphony.xwork2.util.TextParser)
10-Apr-2020 01:14:28.557 INFO [main] org.apache.struts2.config.AbstractBeanSelectionProvider.info Choosing bean (struts) for (org.apache.struts2.dispatcher.DispatcherErrorHandler)
10-Apr-2020 01:14:28.558 INFO [main] org.apache.struts2.config.AbstractBeanSelectionProvider.info Choosing bean (struts) for (com.opensymphony.xwork2.security.ExcludedPatternsChecker)
10-Apr-2020 01:14:28.558 INFO [main] org.apache.struts2.config.AbstractBeanSelectionProvider.info Choosing bean (struts) for (com.opensymphony.xwork2.security.AcceptedPatternsChecker)
10-Apr-2020 01:14:28.889 INFO [main] org.apache.catalina.startup.HostConfig.deployDirectory Deployment of web application directory [/Users/jaswa-zuch749/Desktop/HackeROFlow/HROF/build/output/Hacker_Overflow/apachetomcat/webapps/ROOT] has finished in [916] ms
10-Apr-2020 01:14:28.891 INFO [main] org.apache.coyote.AbstractProtocol.start Starting ProtocolHandler ["http-nio-8080"]
10-Apr-2020 01:14:28.896 INFO [main] org.apache.coyote.AbstractProtocol.start Starting ProtocolHandler ["ajp-nio-8009"]
10-Apr-2020 01:14:28.898 INFO [main] org.apache.catalina.startup.Catalina.start Server startup in [1,089] milliseconds
10-Apr-2020 01:15:44.871 INFO [Thread-5] org.apache.coyote.AbstractProtocol.pause Pausing ProtocolHandler ["http-nio-8080"]
10-Apr-2020 01:15:44.878 INFO [Thread-5] org.apache.coyote.AbstractProtocol.pause Pausing ProtocolHandler ["ajp-nio-8009"]
10-Apr-2020 01:15:44.884 INFO [Thread-5] org.apache.catalina.core.StandardService.stopInternal Stopping service [Catalina]
10-Apr-2020 01:15:44.903 INFO [Thread-5] org.apache.coyote.AbstractProtocol.stop Stopping ProtocolHandler ["http-nio-8080"]
10-Apr-2020 01:15:44.904 INFO [Thread-5] org.apache.coyote.AbstractProtocol.stop Stopping ProtocolHandler ["ajp-nio-8009"]
10-Apr-2020 01:15:44.906 INFO [Thread-5] org.apache.coyote.AbstractProtocol.destroy Destroying ProtocolHandler ["http-nio-8080"]
10-Apr-2020 01:15:44.906 INFO [Thread-5] org.apache.coyote.AbstractProtocol.destroy Destroying ProtocolHandler ["ajp-nio-8009"]
10-Apr-2020 01:15:47.661 INFO [main] org.apache.catalina.startup.VersionLoggerListener.log Server version name:   Apache Tomcat/9.0.21
10-Apr-2020 01:15:47.662 INFO [main] org.apache.catalina.startup.VersionLoggerListener.log Server built:          Jun 4 2019 20:19:36 UTC
10-Apr-2020 01:15:47.662 INFO [main] org.apache.catalina.startup.VersionLoggerListener.log Server version number: 9.0.21.0
10-Apr-2020 01:15:47.662 INFO [main] org.apache.catalina.startup.VersionLoggerListener.log OS Name:               Mac OS X
10-Apr-2020 01:15:47.662 INFO [main] org.apache.catalina.startup.VersionLoggerListener.log OS Version:            10.13.6
10-Apr-2020 01:15:47.662 INFO [main] org.apache.catalina.startup.VersionLoggerListener.log Architecture:          x86_64
10-Apr-2020 01:15:47.662 INFO [main] org.apache.catalina.startup.VersionLoggerListener.log Java Home:             /Library/Java/JavaVirtualMachines/jdk1.8.0_152.jdk/Contents/Home/jre
10-Apr-2020 01:15:47.662 INFO [main] org.apache.catalina.startup.VersionLoggerListener.log JVM Version:           1.8.0_152-b16
10-Apr-2020 01:15:47.662 INFO [main] org.apache.catalina.startup.VersionLoggerListener.log JVM Vendor:            Oracle Corporation
10-Apr-2020 01:15:47.663 INFO [main] org.apache.catalina.startup.VersionLoggerListener.log CATALINA_BASE:         /Users/jaswa-zuch749/Desktop/HackeROFlow/HROF/build/output/Hacker_Overflow/apachetomcat
10-Apr-2020 01:15:47.663 INFO [main] org.apache.catalina.startup.VersionLoggerListener.log CATALINA_HOME:         /Users/jaswa-zuch749/Desktop/HackeROFlow/HROF/build/output/Hacker_Overflow/apachetomcat
10-Apr-2020 01:15:47.668 INFO [main] org.apache.catalina.startup.VersionLoggerListener.log Command line argument: -Djava.util.logging.config.file=/Users/jaswa-zuch749/Desktop/HackeROFlow/HROF/build/output/Hacker_Overflow/apachetomcat/conf/logging.properties
10-Apr-2020 01:15:47.668 INFO [main] org.apache.catalina.startup.VersionLoggerListener.log Command line argument: -Djava.util.logging.manager=org.apache.juli.ClassLoaderLogManager
10-Apr-2020 01:15:47.668 INFO [main] org.apache.catalina.startup.VersionLoggerListener.log Command line argument: -Djdk.tls.ephemeralDHKeySize=2048
10-Apr-2020 01:15:47.668 INFO [main] org.apache.catalina.startup.VersionLoggerListener.log Command line argument: -Djava.protocol.handler.pkgs=org.apache.catalina.webresources
10-Apr-2020 01:15:47.668 INFO [main] org.apache.catalina.startup.VersionLoggerListener.log Command line argument: -Dorg.apache.catalina.security.SecurityListener.UMASK=0027
10-Apr-2020 01:15:47.668 INFO [main] org.apache.catalina.startup.VersionLoggerListener.log Command line argument: -Dignore.endorsed.dirs=
10-Apr-2020 01:15:47.668 INFO [main] org.apache.catalina.startup.VersionLoggerListener.log Command line argument: -Dcatalina.base=/Users/jaswa-zuch749/Desktop/HackeROFlow/HROF/build/output/Hacker_Overflow/apachetomcat
10-Apr-2020 01:15:47.668 INFO [main] org.apache.catalina.startup.VersionLoggerListener.log Command line argument: -Dcatalina.home=/Users/jaswa-zuch749/Desktop/HackeROFlow/HROF/build/output/Hacker_Overflow/apachetomcat
10-Apr-2020 01:15:47.668 INFO [main] org.apache.catalina.startup.VersionLoggerListener.log Command line argument: -Djava.io.tmpdir=/Users/jaswa-zuch749/Desktop/HackeROFlow/HROF/build/output/Hacker_Overflow/apachetomcat/temp
10-Apr-2020 01:15:47.669 INFO [main] org.apache.catalina.core.AprLifecycleListener.lifecycleEvent The APR based Apache Tomcat Native library which allows optimal performance in production environments was not found on the java.library.path: [/Users/jaswa-zuch749/Library/Java/Extensions:/Library/Java/Extensions:/Network/Library/Java/Extensions:/System/Library/Java/Extensions:/usr/lib/java:.]
10-Apr-2020 01:15:47.860 INFO [main] org.apache.coyote.AbstractProtocol.init Initializing ProtocolHandler ["http-nio-8080"]
10-Apr-2020 01:15:47.880 INFO [main] org.apache.coyote.AbstractProtocol.init Initializing ProtocolHandler ["ajp-nio-8009"]
10-Apr-2020 01:15:47.882 INFO [main] org.apache.catalina.startup.Catalina.load Server initialization in [358] milliseconds
10-Apr-2020 01:15:47.903 INFO [main] org.apache.catalina.core.StandardService.startInternal Starting service [Catalina]
10-Apr-2020 01:15:47.903 INFO [main] org.apache.catalina.core.StandardEngine.startInternal Starting Servlet engine: [Apache Tomcat/9.0.21]
10-Apr-2020 01:15:48.051 INFO [main] org.apache.catalina.startup.HostConfig.deployDirectory Deploying web application directory [/Users/jaswa-zuch749/Desktop/HackeROFlow/HROF/build/output/Hacker_Overflow/apachetomcat/webapps/ROOT]
10-Apr-2020 01:15:48.422 INFO [main] org.apache.jasper.servlet.TldScanner.scanJars At least one JAR was scanned for TLDs yet contained no TLDs. Enable debug logging for this logger for a complete list of JARs that were scanned but no TLDs were found in them. Skipping unneeded JARs during scanning can improve startup time and JSP compilation time.
10-Apr-2020 01:15:48.614 INFO [main] com.opensymphony.xwork2.config.providers.XmlConfigurationProvider.info Parsing configuration file [struts-default.xml]
10-Apr-2020 01:15:48.664 INFO [main] com.opensymphony.xwork2.config.providers.XmlConfigurationProvider.info Unable to locate configuration files of the name struts-plugin.xml, skipping
10-Apr-2020 01:15:48.664 INFO [main] com.opensymphony.xwork2.config.providers.XmlConfigurationProvider.info Parsing configuration file [struts-plugin.xml]
10-Apr-2020 01:15:48.669 INFO [main] com.opensymphony.xwork2.config.providers.XmlConfigurationProvider.info Parsing configuration file [struts.xml]
10-Apr-2020 01:15:48.671 INFO [main] org.apache.struts2.config.AbstractBeanSelectionProvider.info Choosing bean (struts) for (com.opensymphony.xwork2.ObjectFactory)
10-Apr-2020 01:15:48.671 INFO [main] org.apache.struts2.config.AbstractBeanSelectionProvider.info Choosing bean (struts) for (com.opensymphony.xwork2.factory.ActionFactory)
10-Apr-2020 01:15:48.672 INFO [main] org.apache.struts2.config.AbstractBeanSelectionProvider.info Choosing bean (struts) for (com.opensymphony.xwork2.factory.ResultFactory)
10-Apr-2020 01:15:48.672 INFO [main] org.apache.struts2.config.AbstractBeanSelectionProvider.info Choosing bean (struts) for (com.opensymphony.xwork2.factory.ConverterFactory)
10-Apr-2020 01:15:48.672 INFO [main] org.apache.struts2.config.AbstractBeanSelectionProvider.info Choosing bean (struts) for (com.opensymphony.xwork2.factory.InterceptorFactory)
10-Apr-2020 01:15:48.672 INFO [main] org.apache.struts2.config.AbstractBeanSelectionProvider.info Choosing bean (struts) for (com.opensymphony.xwork2.factory.ValidatorFactory)
10-Apr-2020 01:15:48.672 INFO [main] org.apache.struts2.config.AbstractBeanSelectionProvider.info Choosing bean (struts) for (com.opensymphony.xwork2.factory.UnknownHandlerFactory)
10-Apr-2020 01:15:48.672 INFO [main] org.apache.struts2.config.AbstractBeanSelectionProvider.info Choosing bean (struts) for (com.opensymphony.xwork2.FileManagerFactory)
10-Apr-2020 01:15:48.672 INFO [main] org.apache.struts2.config.AbstractBeanSelectionProvider.info Choosing bean (struts) for (com.opensymphony.xwork2.conversion.impl.XWorkConverter)
10-Apr-2020 01:15:48.672 INFO [main] org.apache.struts2.config.AbstractBeanSelectionProvider.info Choosing bean (struts) for (com.opensymphony.xwork2.conversion.impl.CollectionConverter)
10-Apr-2020 01:15:48.672 INFO [main] org.apache.struts2.config.AbstractBeanSelectionProvider.info Choosing bean (struts) for (com.opensymphony.xwork2.conversion.impl.ArrayConverter)
10-Apr-2020 01:15:48.673 INFO [main] org.apache.struts2.config.AbstractBeanSelectionProvider.info Choosing bean (struts) for (com.opensymphony.xwork2.conversion.impl.DateConverter)
10-Apr-2020 01:15:48.673 INFO [main] org.apache.struts2.config.AbstractBeanSelectionProvider.info Choosing bean (struts) for (com.opensymphony.xwork2.conversion.impl.NumberConverter)
10-Apr-2020 01:15:48.673 INFO [main] org.apache.struts2.config.AbstractBeanSelectionProvider.info Choosing bean (struts) for (com.opensymphony.xwork2.conversion.impl.StringConverter)
10-Apr-2020 01:15:48.673 INFO [main] org.apache.struts2.config.AbstractBeanSelectionProvider.info Choosing bean (struts) for (com.opensymphony.xwork2.conversion.ConversionPropertiesProcessor)
10-Apr-2020 01:15:48.673 INFO [main] org.apache.struts2.config.AbstractBeanSelectionProvider.info Choosing bean (struts) for (com.opensymphony.xwork2.conversion.ConversionFileProcessor)
10-Apr-2020 01:15:48.673 INFO [main] org.apache.struts2.config.AbstractBeanSelectionProvider.info Choosing bean (struts) for (com.opensymphony.xwork2.conversion.ConversionAnnotationProcessor)
10-Apr-2020 01:15:48.673 INFO [main] org.apache.struts2.config.AbstractBeanSelectionProvider.info Choosing bean (struts) for (com.opensymphony.xwork2.conversion.TypeConverterCreator)
10-Apr-2020 01:15:48.673 INFO [main] org.apache.struts2.config.AbstractBeanSelectionProvider.info Choosing bean (struts) for (com.opensymphony.xwork2.conversion.TypeConverterHolder)
10-Apr-2020 01:15:48.673 INFO [main] org.apache.struts2.config.AbstractBeanSelectionProvider.info Choosing bean (struts) for (com.opensymphony.xwork2.TextProvider)
10-Apr-2020 01:15:48.673 INFO [main] org.apache.struts2.config.AbstractBeanSelectionProvider.info Choosing bean (struts) for (com.opensymphony.xwork2.LocaleProvider)
10-Apr-2020 01:15:48.674 INFO [main] org.apache.struts2.config.AbstractBeanSelectionProvider.info Choosing bean (struts) for (com.opensymphony.xwork2.ActionProxyFactory)
10-Apr-2020 01:15:48.674 INFO [main] org.apache.struts2.config.AbstractBeanSelectionProvider.info Choosing bean (struts) for (com.opensymphony.xwork2.conversion.ObjectTypeDeterminer)
10-Apr-2020 01:15:48.674 INFO [main] org.apache.struts2.config.AbstractBeanSelectionProvider.info Choosing bean (struts) for (org.apache.struts2.dispatcher.mapper.ActionMapper)
10-Apr-2020 01:15:48.674 INFO [main] org.apache.struts2.config.AbstractBeanSelectionProvider.info Choosing bean (jakarta) for (org.apache.struts2.dispatcher.multipart.MultiPartRequest)
10-Apr-2020 01:15:48.674 INFO [main] org.apache.struts2.config.AbstractBeanSelectionProvider.info Choosing bean (struts) for (org.apache.struts2.views.freemarker.FreemarkerManager)
10-Apr-2020 01:15:48.675 INFO [main] org.apache.struts2.config.AbstractBeanSelectionProvider.info Choosing bean (struts) for (org.apache.struts2.components.UrlRenderer)
10-Apr-2020 01:15:48.675 INFO [main] org.apache.struts2.config.AbstractBeanSelectionProvider.info Choosing bean (struts) for (com.opensymphony.xwork2.validator.ActionValidatorManager)
10-Apr-2020 01:15:48.675 INFO [main] org.apache.struts2.config.AbstractBeanSelectionProvider.info Choosing bean (struts) for (com.opensymphony.xwork2.util.ValueStackFactory)
10-Apr-2020 01:15:48.675 INFO [main] org.apache.struts2.config.AbstractBeanSelectionProvider.info Choosing bean (struts) for (com.opensymphony.xwork2.util.reflection.ReflectionProvider)
10-Apr-2020 01:15:48.675 INFO [main] org.apache.struts2.config.AbstractBeanSelectionProvider.info Choosing bean (struts) for (com.opensymphony.xwork2.util.reflection.ReflectionContextFactory)
10-Apr-2020 01:15:48.675 INFO [main] org.apache.struts2.config.AbstractBeanSelectionProvider.info Choosing bean (struts) for (com.opensymphony.xwork2.util.PatternMatcher)
10-Apr-2020 01:15:48.675 INFO [main] org.apache.struts2.config.AbstractBeanSelectionProvider.info Choosing bean (struts) for (org.apache.struts2.util.ContentTypeMatcher)
10-Apr-2020 01:15:48.675 INFO [main] org.apache.struts2.config.AbstractBeanSelectionProvider.info Choosing bean (struts) for (org.apache.struts2.dispatcher.StaticContentLoader)
10-Apr-2020 01:15:48.675 INFO [main] org.apache.struts2.config.AbstractBeanSelectionProvider.info Choosing bean (struts) for (com.opensymphony.xwork2.UnknownHandlerManager)
10-Apr-2020 01:15:48.676 INFO [main] org.apache.struts2.config.AbstractBeanSelectionProvider.info Choosing bean (struts) for (org.apache.struts2.views.util.UrlHelper)
10-Apr-2020 01:15:48.676 INFO [main] org.apache.struts2.config.AbstractBeanSelectionProvider.info Choosing bean (struts) for (com.opensymphony.xwork2.util.TextParser)
10-Apr-2020 01:15:48.676 INFO [main] org.apache.struts2.config.AbstractBeanSelectionProvider.info Choosing bean (struts) for (org.apache.struts2.dispatcher.DispatcherErrorHandler)
10-Apr-2020 01:15:48.676 INFO [main] org.apache.struts2.config.AbstractBeanSelectionProvider.info Choosing bean (struts) for (com.opensymphony.xwork2.security.ExcludedPatternsChecker)
10-Apr-2020 01:15:48.676 INFO [main] org.apache.struts2.config.AbstractBeanSelectionProvider.info Choosing bean (struts) for (com.opensymphony.xwork2.security.AcceptedPatternsChecker)
10-Apr-2020 01:15:49.011 INFO [main] org.apache.catalina.startup.HostConfig.deployDirectory Deployment of web application directory [/Users/jaswa-zuch749/Desktop/HackeROFlow/HROF/build/output/Hacker_Overflow/apachetomcat/webapps/ROOT] has finished in [960] ms
10-Apr-2020 01:15:49.013 INFO [main] org.apache.coyote.AbstractProtocol.start Starting ProtocolHandler ["http-nio-8080"]
10-Apr-2020 01:15:49.018 INFO [main] org.apache.coyote.AbstractProtocol.start Starting ProtocolHandler ["ajp-nio-8009"]
10-Apr-2020 01:15:49.020 INFO [main] org.apache.catalina.startup.Catalina.start Server startup in [1,137] milliseconds
