09-Apr-2020 23:24:49.925 SEVERE [main] org.apache.catalina.core.StandardContext.filterStart Exception starting filter [struts2]
	Unable to load configuration. - action - file:/Users/jaswa-zuch749/Desktop/apachetomcat/webapps/ROOT/WEB-INF/classes/struts.xml:12:29
		at org.apache.struts2.dispatcher.Dispatcher.init(Dispatcher.java:504)
		at org.apache.struts2.dispatcher.ng.InitOperations.initDispatcher(InitOperations.java:74)
		at org.apache.struts2.dispatcher.ng.filter.StrutsPrepareAndExecuteFilter.init(StrutsPrepareAndExecuteFilter.java:57)
		at org.apache.catalina.core.ApplicationFilterConfig.initFilter(ApplicationFilterConfig.java:270)
		at org.apache.catalina.core.ApplicationFilterConfig.getFilter(ApplicationFilterConfig.java:251)
		at org.apache.catalina.core.ApplicationFilterConfig.<init>(ApplicationFilterConfig.java:102)
		at org.apache.catalina.core.StandardContext.filterStart(StandardContext.java:4530)
		at org.apache.catalina.core.StandardContext.startInternal(StandardContext.java:5169)
		at org.apache.catalina.util.LifecycleBase.start(LifecycleBase.java:183)
		at org.apache.catalina.core.ContainerBase.addChildInternal(ContainerBase.java:717)
		at org.apache.catalina.core.ContainerBase.addChild(ContainerBase.java:690)
		at org.apache.catalina.core.StandardHost.addChild(StandardHost.java:705)
		at org.apache.catalina.startup.HostConfig.deployDirectory(HostConfig.java:1133)
		at org.apache.catalina.startup.HostConfig$DeployDirectory.run(HostConfig.java:1867)
		at java.util.concurrent.Executors$RunnableAdapter.call(Executors.java:511)
		at java.util.concurrent.FutureTask.run(FutureTask.java:266)
		at org.apache.tomcat.util.threads.InlineExecutorService.execute(InlineExecutorService.java:75)
		at java.util.concurrent.AbstractExecutorService.submit(AbstractExecutorService.java:112)
		at org.apache.catalina.startup.HostConfig.deployDirectories(HostConfig.java:1045)
		at org.apache.catalina.startup.HostConfig.deployApps(HostConfig.java:429)
		at org.apache.catalina.startup.HostConfig.start(HostConfig.java:1576)
		at org.apache.catalina.startup.HostConfig.lifecycleEvent(HostConfig.java:309)
		at org.apache.catalina.util.LifecycleBase.fireLifecycleEvent(LifecycleBase.java:123)
		at org.apache.catalina.util.LifecycleBase.setStateInternal(LifecycleBase.java:423)
		at org.apache.catalina.util.LifecycleBase.setState(LifecycleBase.java:366)
		at org.apache.catalina.core.ContainerBase.startInternal(ContainerBase.java:936)
		at org.apache.catalina.core.StandardHost.startInternal(StandardHost.java:841)
		at org.apache.catalina.util.LifecycleBase.start(LifecycleBase.java:183)
		at org.apache.catalina.core.ContainerBase$StartChild.call(ContainerBase.java:1384)
		at org.apache.catalina.core.ContainerBase$StartChild.call(ContainerBase.java:1374)
		at java.util.concurrent.FutureTask.run(FutureTask.java:266)
		at org.apache.tomcat.util.threads.InlineExecutorService.execute(InlineExecutorService.java:75)
		at java.util.concurrent.AbstractExecutorService.submit(AbstractExecutorService.java:134)
		at org.apache.catalina.core.ContainerBase.startInternal(ContainerBase.java:909)
		at org.apache.catalina.core.StandardEngine.startInternal(StandardEngine.java:262)
		at org.apache.catalina.util.LifecycleBase.start(LifecycleBase.java:183)
		at org.apache.catalina.core.StandardService.startInternal(StandardService.java:421)
		at org.apache.catalina.util.LifecycleBase.start(LifecycleBase.java:183)
		at org.apache.catalina.core.StandardServer.startInternal(StandardServer.java:932)
		at org.apache.catalina.util.LifecycleBase.start(LifecycleBase.java:183)
		at org.apache.catalina.startup.Catalina.start(Catalina.java:633)
		at sun.reflect.NativeMethodAccessorImpl.invoke0(Native Method)
		at sun.reflect.NativeMethodAccessorImpl.invoke(NativeMethodAccessorImpl.java:62)
		at sun.reflect.DelegatingMethodAccessorImpl.invoke(DelegatingMethodAccessorImpl.java:43)
		at java.lang.reflect.Method.invoke(Method.java:498)
		at org.apache.catalina.startup.Bootstrap.start(Bootstrap.java:344)
		at org.apache.catalina.startup.Bootstrap.main(Bootstrap.java:475)
	Caused by: Unable to load configuration. - action - file:/Users/jaswa-zuch749/Desktop/apachetomcat/webapps/ROOT/WEB-INF/classes/struts.xml:12:29
		at com.opensymphony.xwork2.config.ConfigurationManager.getConfiguration(ConfigurationManager.java:70)
		at org.apache.struts2.dispatcher.Dispatcher.getContainer(Dispatcher.java:978)
		at org.apache.struts2.dispatcher.Dispatcher.init_PreloadConfiguration(Dispatcher.java:446)
		at org.apache.struts2.dispatcher.Dispatcher.init(Dispatcher.java:490)
		... 46 more
	Caused by: Action class [com.hackeroverflow.welcome.helloo] not found - action - file:/Users/jaswa-zuch749/Desktop/apachetomcat/webapps/ROOT/WEB-INF/classes/struts.xml:12:29
		at com.opensymphony.xwork2.config.providers.XmlConfigurationProvider.verifyAction(XmlConfigurationProvider.java:486)
		at com.opensymphony.xwork2.config.providers.XmlConfigurationProvider.addAction(XmlConfigurationProvider.java:429)
		at com.opensymphony.xwork2.config.providers.XmlConfigurationProvider.addPackage(XmlConfigurationProvider.java:556)
		at com.opensymphony.xwork2.config.providers.XmlConfigurationProvider.loadPackages(XmlConfigurationProvider.java:295)
		at org.apache.struts2.config.StrutsXmlConfigurationProvider.loadPackages(StrutsXmlConfigurationProvider.java:112)
		at com.opensymphony.xwork2.config.impl.DefaultConfiguration.reloadContainer(DefaultConfiguration.java:264)
		at com.opensymphony.xwork2.config.ConfigurationManager.getConfiguration(ConfigurationManager.java:67)
		... 49 more
09-Apr-2020 23:46:05.299 SEVERE [Catalina-utility-2] org.apache.catalina.core.ApplicationFilterConfig.release Failed to destroy the filter named [struts2] of type [org.apache.struts2.dispatcher.ng.filter.StrutsPrepareAndExecuteFilter]
	java.lang.IllegalStateException: java.io.FileNotFoundException: /Users/jaswa-zuch749/Desktop/apachetomcat/webapps/ROOT/WEB-INF/lib/javassist-3.11.0.GA.jar (No such file or directory)
		at org.apache.catalina.webresources.AbstractSingleArchiveResourceSet.getArchiveEntry(AbstractSingleArchiveResourceSet.java:101)
		at org.apache.catalina.webresources.AbstractArchiveResourceSet.getResource(AbstractArchiveResourceSet.java:256)
		at org.apache.catalina.webresources.StandardRoot.getResourceInternal(StandardRoot.java:282)
		at org.apache.catalina.webresources.Cache.getResource(Cache.java:62)
		at org.apache.catalina.webresources.StandardRoot.getResource(StandardRoot.java:217)
		at org.apache.catalina.webresources.StandardRoot.getClassLoaderResource(StandardRoot.java:226)
		at org.apache.catalina.loader.WebappClassLoaderBase.findClassInternal(WebappClassLoaderBase.java:2303)
		at org.apache.catalina.loader.WebappClassLoaderBase.findClass(WebappClassLoaderBase.java:865)
		at org.apache.catalina.loader.WebappClassLoaderBase.loadClass(WebappClassLoaderBase.java:1334)
		at org.apache.catalina.loader.WebappClassLoaderBase.loadClass(WebappClassLoaderBase.java:1188)
		at org.apache.struts2.dispatcher.Dispatcher.cleanup(Dispatcher.java:293)
		at org.apache.struts2.dispatcher.ng.PrepareOperations.cleanupDispatcher(PrepareOperations.java:188)
		at org.apache.struts2.dispatcher.ng.filter.StrutsPrepareAndExecuteFilter.destroy(StrutsPrepareAndExecuteFilter.java:108)
		at org.apache.catalina.core.ApplicationFilterConfig.release(ApplicationFilterConfig.java:301)
		at org.apache.catalina.core.StandardContext.filterStop(StandardContext.java:4562)
		at org.apache.catalina.core.StandardContext.stopInternal(StandardContext.java:5385)
		at org.apache.catalina.util.LifecycleBase.stop(LifecycleBase.java:257)
		at org.apache.catalina.core.ContainerBase.removeChild(ContainerBase.java:805)
		at org.apache.catalina.startup.HostConfig.undeploy(HostConfig.java:1425)
		at org.apache.catalina.startup.HostConfig.checkResources(HostConfig.java:1352)
		at org.apache.catalina.startup.HostConfig.check(HostConfig.java:1611)
		at org.apache.catalina.startup.HostConfig.lifecycleEvent(HostConfig.java:305)
		at org.apache.catalina.util.LifecycleBase.fireLifecycleEvent(LifecycleBase.java:123)
		at org.apache.catalina.core.ContainerBase.backgroundProcess(ContainerBase.java:1151)
		at org.apache.catalina.core.ContainerBase$ContainerBackgroundProcessor.processChildren(ContainerBase.java:1353)
		at org.apache.catalina.core.ContainerBase$ContainerBackgroundProcessor.processChildren(ContainerBase.java:1357)
		at org.apache.catalina.core.ContainerBase$ContainerBackgroundProcessor.run(ContainerBase.java:1335)
		at java.util.concurrent.Executors$RunnableAdapter.call(Executors.java:511)
		at java.util.concurrent.FutureTask.runAndReset(FutureTask.java:308)
		at java.util.concurrent.ScheduledThreadPoolExecutor$ScheduledFutureTask.access$301(ScheduledThreadPoolExecutor.java:180)
		at java.util.concurrent.ScheduledThreadPoolExecutor$ScheduledFutureTask.run(ScheduledThreadPoolExecutor.java:294)
		at java.util.concurrent.ThreadPoolExecutor.runWorker(ThreadPoolExecutor.java:1149)
		at java.util.concurrent.ThreadPoolExecutor$Worker.run(ThreadPoolExecutor.java:624)
		at org.apache.tomcat.util.threads.TaskThread$WrappingRunnable.run(TaskThread.java:61)
		at java.lang.Thread.run(Thread.java:748)
	Caused by: java.io.FileNotFoundException: /Users/jaswa-zuch749/Desktop/apachetomcat/webapps/ROOT/WEB-INF/lib/javassist-3.11.0.GA.jar (No such file or directory)
		at java.util.zip.ZipFile.open(Native Method)
		at java.util.zip.ZipFile.<init>(ZipFile.java:225)
		at java.util.zip.ZipFile.<init>(ZipFile.java:155)
		at java.util.jar.JarFile.<init>(JarFile.java:166)
		at java.util.jar.JarFile.<init>(JarFile.java:130)
		at org.apache.tomcat.util.compat.JreCompat.jarFileNewInstance(JreCompat.java:176)
		at org.apache.tomcat.util.compat.JreCompat.jarFileNewInstance(JreCompat.java:161)
		at org.apache.catalina.webresources.AbstractArchiveResourceSet.openJarFile(AbstractArchiveResourceSet.java:307)
		at org.apache.catalina.webresources.AbstractSingleArchiveResourceSet.getArchiveEntry(AbstractSingleArchiveResourceSet.java:97)
		... 34 more
