16-Apr-2020 01:10:10.299 INFO [main] org.apache.catalina.startup.VersionLoggerListener.log Server version name:   Apache Tomcat/9.0.21
16-Apr-2020 01:10:10.300 INFO [main] org.apache.catalina.startup.VersionLoggerListener.log Server built:          Jun 4 2019 20:19:36 UTC
16-Apr-2020 01:10:10.300 INFO [main] org.apache.catalina.startup.VersionLoggerListener.log Server version number: 9.0.21.0
16-Apr-2020 01:10:10.300 INFO [main] org.apache.catalina.startup.VersionLoggerListener.log OS Name:               Mac OS X
16-Apr-2020 01:10:10.300 INFO [main] org.apache.catalina.startup.VersionLoggerListener.log OS Version:            10.13.6
16-Apr-2020 01:10:10.300 INFO [main] org.apache.catalina.startup.VersionLoggerListener.log Architecture:          x86_64
16-Apr-2020 01:10:10.300 INFO [main] org.apache.catalina.startup.VersionLoggerListener.log Java Home:             /Library/Java/JavaVirtualMachines/jdk1.8.0_152.jdk/Contents/Home/jre
16-Apr-2020 01:10:10.300 INFO [main] org.apache.catalina.startup.VersionLoggerListener.log JVM Version:           1.8.0_152-b16
16-Apr-2020 01:10:10.301 INFO [main] org.apache.catalina.startup.VersionLoggerListener.log JVM Vendor:            Oracle Corporation
16-Apr-2020 01:10:10.301 INFO [main] org.apache.catalina.startup.VersionLoggerListener.log CATALINA_BASE:         /Users/jaswa-zuch749/Desktop/HackeROFlow/HROF/build/output/tomcat
16-Apr-2020 01:10:10.301 INFO [main] org.apache.catalina.startup.VersionLoggerListener.log CATALINA_HOME:         /Users/jaswa-zuch749/Desktop/HackeROFlow/HROF/build/output/tomcat
16-Apr-2020 01:10:10.312 INFO [main] org.apache.catalina.startup.VersionLoggerListener.log Command line argument: -Djava.util.logging.config.file=/Users/jaswa-zuch749/Desktop/HackeROFlow/HROF/build/output/tomcat/conf/logging.properties
16-Apr-2020 01:10:10.312 INFO [main] org.apache.catalina.startup.VersionLoggerListener.log Command line argument: -Djava.util.logging.manager=org.apache.juli.ClassLoaderLogManager
16-Apr-2020 01:10:10.313 INFO [main] org.apache.catalina.startup.VersionLoggerListener.log Command line argument: -Djdk.tls.ephemeralDHKeySize=2048
16-Apr-2020 01:10:10.313 INFO [main] org.apache.catalina.startup.VersionLoggerListener.log Command line argument: -Djava.protocol.handler.pkgs=org.apache.catalina.webresources
16-Apr-2020 01:10:10.313 INFO [main] org.apache.catalina.startup.VersionLoggerListener.log Command line argument: -Dorg.apache.catalina.security.SecurityListener.UMASK=0027
16-Apr-2020 01:10:10.313 INFO [main] org.apache.catalina.startup.VersionLoggerListener.log Command line argument: -Dignore.endorsed.dirs=
16-Apr-2020 01:10:10.313 INFO [main] org.apache.catalina.startup.VersionLoggerListener.log Command line argument: -Dcatalina.base=/Users/jaswa-zuch749/Desktop/HackeROFlow/HROF/build/output/tomcat
16-Apr-2020 01:10:10.313 INFO [main] org.apache.catalina.startup.VersionLoggerListener.log Command line argument: -Dcatalina.home=/Users/jaswa-zuch749/Desktop/HackeROFlow/HROF/build/output/tomcat
16-Apr-2020 01:10:10.313 INFO [main] org.apache.catalina.startup.VersionLoggerListener.log Command line argument: -Djava.io.tmpdir=/Users/jaswa-zuch749/Desktop/HackeROFlow/HROF/build/output/tomcat/temp
16-Apr-2020 01:10:10.313 INFO [main] org.apache.catalina.core.AprLifecycleListener.lifecycleEvent The APR based Apache Tomcat Native library which allows optimal performance in production environments was not found on the java.library.path: [/Users/jaswa-zuch749/Library/Java/Extensions:/Library/Java/Extensions:/Network/Library/Java/Extensions:/System/Library/Java/Extensions:/usr/lib/java:.]
16-Apr-2020 01:10:10.555 INFO [main] org.apache.coyote.AbstractProtocol.init Initializing ProtocolHandler ["http-nio-8080"]
16-Apr-2020 01:10:10.569 SEVERE [main] org.apache.catalina.util.LifecycleBase.handleSubClassException Failed to initialize component [Connector[HTTP/1.1-8080]]
	org.apache.catalina.LifecycleException: Protocol handler initialization failed
		at org.apache.catalina.connector.Connector.initInternal(Connector.java:983)
		at org.apache.catalina.util.LifecycleBase.init(LifecycleBase.java:136)
		at org.apache.catalina.core.StandardService.initInternal(StandardService.java:533)
		at org.apache.catalina.util.LifecycleBase.init(LifecycleBase.java:136)
		at org.apache.catalina.core.StandardServer.initInternal(StandardServer.java:1059)
		at org.apache.catalina.util.LifecycleBase.init(LifecycleBase.java:136)
		at org.apache.catalina.startup.Catalina.load(Catalina.java:584)
		at org.apache.catalina.startup.Catalina.load(Catalina.java:607)
		at sun.reflect.NativeMethodAccessorImpl.invoke0(Native Method)
		at sun.reflect.NativeMethodAccessorImpl.invoke(NativeMethodAccessorImpl.java:62)
		at sun.reflect.DelegatingMethodAccessorImpl.invoke(DelegatingMethodAccessorImpl.java:43)
		at java.lang.reflect.Method.invoke(Method.java:498)
		at org.apache.catalina.startup.Bootstrap.load(Bootstrap.java:304)
		at org.apache.catalina.startup.Bootstrap.main(Bootstrap.java:474)
	Caused by: java.net.BindException: Address already in use
		at sun.nio.ch.Net.bind0(Native Method)
		at sun.nio.ch.Net.bind(Net.java:433)
		at sun.nio.ch.Net.bind(Net.java:425)
		at sun.nio.ch.ServerSocketChannelImpl.bind(ServerSocketChannelImpl.java:223)
		at sun.nio.ch.ServerSocketAdaptor.bind(ServerSocketAdaptor.java:74)
		at org.apache.tomcat.util.net.NioEndpoint.initServerSocket(NioEndpoint.java:230)
		at org.apache.tomcat.util.net.NioEndpoint.bind(NioEndpoint.java:213)
		at org.apache.tomcat.util.net.AbstractEndpoint.bindWithCleanup(AbstractEndpoint.java:1124)
		at org.apache.tomcat.util.net.AbstractEndpoint.init(AbstractEndpoint.java:1137)
		at org.apache.coyote.AbstractProtocol.init(AbstractProtocol.java:574)
		at org.apache.coyote.http11.AbstractHttp11Protocol.init(AbstractHttp11Protocol.java:74)
		at org.apache.catalina.connector.Connector.initInternal(Connector.java:980)
		... 13 more
16-Apr-2020 01:10:10.570 INFO [main] org.apache.coyote.AbstractProtocol.init Initializing ProtocolHandler ["ajp-nio-8009"]
16-Apr-2020 01:10:10.581 INFO [main] org.apache.catalina.startup.Catalina.load Server initialization in [448] milliseconds
16-Apr-2020 01:10:10.619 INFO [main] org.apache.catalina.core.StandardService.startInternal Starting service [Catalina]
16-Apr-2020 01:10:10.619 INFO [main] org.apache.catalina.core.StandardEngine.startInternal Starting Servlet engine: [Apache Tomcat/9.0.21]
16-Apr-2020 01:10:10.822 INFO [main] org.apache.catalina.startup.HostConfig.deployDirectory Deploying web application directory [/Users/jaswa-zuch749/Desktop/HackeROFlow/HROF/build/output/tomcat/webapps/ROOT]
16-Apr-2020 01:10:11.288 INFO [main] org.apache.jasper.servlet.TldScanner.scanJars At least one JAR was scanned for TLDs yet contained no TLDs. Enable debug logging for this logger for a complete list of JARs that were scanned but no TLDs were found in them. Skipping unneeded JARs during scanning can improve startup time and JSP compilation time.
16-Apr-2020 01:10:11.498 INFO [main] com.opensymphony.xwork2.config.providers.XmlConfigurationProvider.info Parsing configuration file [struts-default.xml]
16-Apr-2020 01:10:11.552 INFO [main] com.opensymphony.xwork2.config.providers.XmlConfigurationProvider.info Unable to locate configuration files of the name struts-plugin.xml, skipping
16-Apr-2020 01:10:11.552 INFO [main] com.opensymphony.xwork2.config.providers.XmlConfigurationProvider.info Parsing configuration file [struts-plugin.xml]
16-Apr-2020 01:10:11.556 INFO [main] com.opensymphony.xwork2.config.providers.XmlConfigurationProvider.info Parsing configuration file [struts.xml]
16-Apr-2020 01:10:11.558 INFO [main] org.apache.struts2.config.AbstractBeanSelectionProvider.info Choosing bean (struts) for (com.opensymphony.xwork2.ObjectFactory)
16-Apr-2020 01:10:11.558 INFO [main] org.apache.struts2.config.AbstractBeanSelectionProvider.info Choosing bean (struts) for (com.opensymphony.xwork2.factory.ActionFactory)
16-Apr-2020 01:10:11.558 INFO [main] org.apache.struts2.config.AbstractBeanSelectionProvider.info Choosing bean (struts) for (com.opensymphony.xwork2.factory.ResultFactory)
16-Apr-2020 01:10:11.559 INFO [main] org.apache.struts2.config.AbstractBeanSelectionProvider.info Choosing bean (struts) for (com.opensymphony.xwork2.factory.ConverterFactory)
16-Apr-2020 01:10:11.559 INFO [main] org.apache.struts2.config.AbstractBeanSelectionProvider.info Choosing bean (struts) for (com.opensymphony.xwork2.factory.InterceptorFactory)
16-Apr-2020 01:10:11.559 INFO [main] org.apache.struts2.config.AbstractBeanSelectionProvider.info Choosing bean (struts) for (com.opensymphony.xwork2.factory.ValidatorFactory)
16-Apr-2020 01:10:11.559 INFO [main] org.apache.struts2.config.AbstractBeanSelectionProvider.info Choosing bean (struts) for (com.opensymphony.xwork2.factory.UnknownHandlerFactory)
16-Apr-2020 01:10:11.559 INFO [main] org.apache.struts2.config.AbstractBeanSelectionProvider.info Choosing bean (struts) for (com.opensymphony.xwork2.FileManagerFactory)
16-Apr-2020 01:10:11.559 INFO [main] org.apache.struts2.config.AbstractBeanSelectionProvider.info Choosing bean (struts) for (com.opensymphony.xwork2.conversion.impl.XWorkConverter)
16-Apr-2020 01:10:11.559 INFO [main] org.apache.struts2.config.AbstractBeanSelectionProvider.info Choosing bean (struts) for (com.opensymphony.xwork2.conversion.impl.CollectionConverter)
16-Apr-2020 01:10:11.560 INFO [main] org.apache.struts2.config.AbstractBeanSelectionProvider.info Choosing bean (struts) for (com.opensymphony.xwork2.conversion.impl.ArrayConverter)
16-Apr-2020 01:10:11.560 INFO [main] org.apache.struts2.config.AbstractBeanSelectionProvider.info Choosing bean (struts) for (com.opensymphony.xwork2.conversion.impl.DateConverter)
16-Apr-2020 01:10:11.560 INFO [main] org.apache.struts2.config.AbstractBeanSelectionProvider.info Choosing bean (struts) for (com.opensymphony.xwork2.conversion.impl.NumberConverter)
16-Apr-2020 01:10:11.560 INFO [main] org.apache.struts2.config.AbstractBeanSelectionProvider.info Choosing bean (struts) for (com.opensymphony.xwork2.conversion.impl.StringConverter)
16-Apr-2020 01:10:11.560 INFO [main] org.apache.struts2.config.AbstractBeanSelectionProvider.info Choosing bean (struts) for (com.opensymphony.xwork2.conversion.ConversionPropertiesProcessor)
16-Apr-2020 01:10:11.560 INFO [main] org.apache.struts2.config.AbstractBeanSelectionProvider.info Choosing bean (struts) for (com.opensymphony.xwork2.conversion.ConversionFileProcessor)
16-Apr-2020 01:10:11.560 INFO [main] org.apache.struts2.config.AbstractBeanSelectionProvider.info Choosing bean (struts) for (com.opensymphony.xwork2.conversion.ConversionAnnotationProcessor)
16-Apr-2020 01:10:11.561 INFO [main] org.apache.struts2.config.AbstractBeanSelectionProvider.info Choosing bean (struts) for (com.opensymphony.xwork2.conversion.TypeConverterCreator)
16-Apr-2020 01:10:11.561 INFO [main] org.apache.struts2.config.AbstractBeanSelectionProvider.info Choosing bean (struts) for (com.opensymphony.xwork2.conversion.TypeConverterHolder)
16-Apr-2020 01:10:11.561 INFO [main] org.apache.struts2.config.AbstractBeanSelectionProvider.info Choosing bean (struts) for (com.opensymphony.xwork2.TextProvider)
16-Apr-2020 01:10:11.561 INFO [main] org.apache.struts2.config.AbstractBeanSelectionProvider.info Choosing bean (struts) for (com.opensymphony.xwork2.LocaleProvider)
16-Apr-2020 01:10:11.561 INFO [main] org.apache.struts2.config.AbstractBeanSelectionProvider.info Choosing bean (struts) for (com.opensymphony.xwork2.ActionProxyFactory)
16-Apr-2020 01:10:11.561 INFO [main] org.apache.struts2.config.AbstractBeanSelectionProvider.info Choosing bean (struts) for (com.opensymphony.xwork2.conversion.ObjectTypeDeterminer)
16-Apr-2020 01:10:11.562 INFO [main] org.apache.struts2.config.AbstractBeanSelectionProvider.info Choosing bean (struts) for (org.apache.struts2.dispatcher.mapper.ActionMapper)
16-Apr-2020 01:10:11.562 INFO [main] org.apache.struts2.config.AbstractBeanSelectionProvider.info Choosing bean (jakarta) for (org.apache.struts2.dispatcher.multipart.MultiPartRequest)
16-Apr-2020 01:10:11.562 INFO [main] org.apache.struts2.config.AbstractBeanSelectionProvider.info Choosing bean (struts) for (org.apache.struts2.views.freemarker.FreemarkerManager)
16-Apr-2020 01:10:11.563 INFO [main] org.apache.struts2.config.AbstractBeanSelectionProvider.info Choosing bean (struts) for (org.apache.struts2.components.UrlRenderer)
16-Apr-2020 01:10:11.563 INFO [main] org.apache.struts2.config.AbstractBeanSelectionProvider.info Choosing bean (struts) for (com.opensymphony.xwork2.validator.ActionValidatorManager)
16-Apr-2020 01:10:11.563 INFO [main] org.apache.struts2.config.AbstractBeanSelectionProvider.info Choosing bean (struts) for (com.opensymphony.xwork2.util.ValueStackFactory)
16-Apr-2020 01:10:11.563 INFO [main] org.apache.struts2.config.AbstractBeanSelectionProvider.info Choosing bean (struts) for (com.opensymphony.xwork2.util.reflection.ReflectionProvider)
16-Apr-2020 01:10:11.563 INFO [main] org.apache.struts2.config.AbstractBeanSelectionProvider.info Choosing bean (struts) for (com.opensymphony.xwork2.util.reflection.ReflectionContextFactory)
16-Apr-2020 01:10:11.563 INFO [main] org.apache.struts2.config.AbstractBeanSelectionProvider.info Choosing bean (struts) for (com.opensymphony.xwork2.util.PatternMatcher)
16-Apr-2020 01:10:11.563 INFO [main] org.apache.struts2.config.AbstractBeanSelectionProvider.info Choosing bean (struts) for (org.apache.struts2.util.ContentTypeMatcher)
16-Apr-2020 01:10:11.564 INFO [main] org.apache.struts2.config.AbstractBeanSelectionProvider.info Choosing bean (struts) for (org.apache.struts2.dispatcher.StaticContentLoader)
16-Apr-2020 01:10:11.564 INFO [main] org.apache.struts2.config.AbstractBeanSelectionProvider.info Choosing bean (struts) for (com.opensymphony.xwork2.UnknownHandlerManager)
16-Apr-2020 01:10:11.564 INFO [main] org.apache.struts2.config.AbstractBeanSelectionProvider.info Choosing bean (struts) for (org.apache.struts2.views.util.UrlHelper)
16-Apr-2020 01:10:11.564 INFO [main] org.apache.struts2.config.AbstractBeanSelectionProvider.info Choosing bean (struts) for (com.opensymphony.xwork2.util.TextParser)
16-Apr-2020 01:10:11.564 INFO [main] org.apache.struts2.config.AbstractBeanSelectionProvider.info Choosing bean (struts) for (org.apache.struts2.dispatcher.DispatcherErrorHandler)
16-Apr-2020 01:10:11.564 INFO [main] org.apache.struts2.config.AbstractBeanSelectionProvider.info Choosing bean (struts) for (com.opensymphony.xwork2.security.ExcludedPatternsChecker)
16-Apr-2020 01:10:11.564 INFO [main] org.apache.struts2.config.AbstractBeanSelectionProvider.info Choosing bean (struts) for (com.opensymphony.xwork2.security.AcceptedPatternsChecker)
16-Apr-2020 01:10:11.919 INFO [main] org.apache.catalina.startup.HostConfig.deployDirectory Deployment of web application directory [/Users/jaswa-zuch749/Desktop/HackeROFlow/HROF/build/output/tomcat/webapps/ROOT] has finished in [1,097] ms
16-Apr-2020 01:10:11.920 SEVERE [main] org.apache.catalina.mapper.MapperListener.findDefaultHost Unknown default host [localhost] for service [StandardService[Catalina]]. Tomcat will not be able process HTTP/1.0 requests that do not specify a host name.
16-Apr-2020 01:10:11.921 SEVERE [main] org.apache.catalina.mapper.MapperListener.findDefaultHost Unknown default host [localhost] for service [StandardService[Catalina]]. Tomcat will not be able process HTTP/1.0 requests that do not specify a host name.
16-Apr-2020 01:10:11.921 INFO [main] org.apache.coyote.AbstractProtocol.start Starting ProtocolHandler ["ajp-nio-8009"]
16-Apr-2020 01:10:11.928 INFO [main] org.apache.catalina.startup.Catalina.start Server startup in [1,345] milliseconds
16-Apr-2020 01:20:26.049 INFO [Thread-4] org.apache.coyote.AbstractProtocol.pause Pausing ProtocolHandler ["http-nio-8080"]
16-Apr-2020 01:20:26.050 INFO [Thread-4] org.apache.coyote.AbstractProtocol.pause Pausing ProtocolHandler ["ajp-nio-8009"]
16-Apr-2020 01:20:26.072 INFO [Thread-4] org.apache.catalina.core.StandardService.stopInternal Stopping service [Catalina]
16-Apr-2020 01:20:26.073 SEVERE [Thread-4] org.apache.catalina.mapper.MapperListener.findDefaultHost Unknown default host [localhost] for service [StandardService[Catalina]]. Tomcat will not be able process HTTP/1.0 requests that do not specify a host name.
16-Apr-2020 01:20:26.084 INFO [Thread-4] org.apache.coyote.AbstractProtocol.stop Stopping ProtocolHandler ["ajp-nio-8009"]
16-Apr-2020 01:20:26.086 INFO [Thread-4] org.apache.coyote.AbstractProtocol.stop Stopping ProtocolHandler ["http-nio-8080"]
16-Apr-2020 01:20:26.086 INFO [Thread-4] org.apache.coyote.AbstractProtocol.destroy Destroying ProtocolHandler ["http-nio-8080"]
16-Apr-2020 01:20:26.086 INFO [Thread-4] org.apache.coyote.AbstractProtocol.destroy Destroying ProtocolHandler ["ajp-nio-8009"]
16-Apr-2020 01:20:35.395 INFO [main] org.apache.catalina.startup.VersionLoggerListener.log Server version name:   Apache Tomcat/9.0.21
16-Apr-2020 01:20:35.396 INFO [main] org.apache.catalina.startup.VersionLoggerListener.log Server built:          Jun 4 2019 20:19:36 UTC
16-Apr-2020 01:20:35.397 INFO [main] org.apache.catalina.startup.VersionLoggerListener.log Server version number: 9.0.21.0
16-Apr-2020 01:20:35.397 INFO [main] org.apache.catalina.startup.VersionLoggerListener.log OS Name:               Mac OS X
16-Apr-2020 01:20:35.397 INFO [main] org.apache.catalina.startup.VersionLoggerListener.log OS Version:            10.13.6
16-Apr-2020 01:20:35.397 INFO [main] org.apache.catalina.startup.VersionLoggerListener.log Architecture:          x86_64
16-Apr-2020 01:20:35.397 INFO [main] org.apache.catalina.startup.VersionLoggerListener.log Java Home:             /Library/Java/JavaVirtualMachines/jdk1.8.0_152.jdk/Contents/Home/jre
16-Apr-2020 01:20:35.397 INFO [main] org.apache.catalina.startup.VersionLoggerListener.log JVM Version:           1.8.0_152-b16
16-Apr-2020 01:20:35.397 INFO [main] org.apache.catalina.startup.VersionLoggerListener.log JVM Vendor:            Oracle Corporation
16-Apr-2020 01:20:35.397 INFO [main] org.apache.catalina.startup.VersionLoggerListener.log CATALINA_BASE:         /Users/jaswa-zuch749/Desktop/HackeROFlow/HROF/build/output/tomcat
16-Apr-2020 01:20:35.397 INFO [main] org.apache.catalina.startup.VersionLoggerListener.log CATALINA_HOME:         /Users/jaswa-zuch749/Desktop/HackeROFlow/HROF/build/output/tomcat
16-Apr-2020 01:20:35.401 INFO [main] org.apache.catalina.startup.VersionLoggerListener.log Command line argument: -Djava.util.logging.config.file=/Users/jaswa-zuch749/Desktop/HackeROFlow/HROF/build/output/tomcat/conf/logging.properties
16-Apr-2020 01:20:35.401 INFO [main] org.apache.catalina.startup.VersionLoggerListener.log Command line argument: -Djava.util.logging.manager=org.apache.juli.ClassLoaderLogManager
16-Apr-2020 01:20:35.401 INFO [main] org.apache.catalina.startup.VersionLoggerListener.log Command line argument: -Djdk.tls.ephemeralDHKeySize=2048
16-Apr-2020 01:20:35.401 INFO [main] org.apache.catalina.startup.VersionLoggerListener.log Command line argument: -Djava.protocol.handler.pkgs=org.apache.catalina.webresources
16-Apr-2020 01:20:35.401 INFO [main] org.apache.catalina.startup.VersionLoggerListener.log Command line argument: -Dorg.apache.catalina.security.SecurityListener.UMASK=0027
16-Apr-2020 01:20:35.402 INFO [main] org.apache.catalina.startup.VersionLoggerListener.log Command line argument: -Dignore.endorsed.dirs=
16-Apr-2020 01:20:35.402 INFO [main] org.apache.catalina.startup.VersionLoggerListener.log Command line argument: -Dcatalina.base=/Users/jaswa-zuch749/Desktop/HackeROFlow/HROF/build/output/tomcat
16-Apr-2020 01:20:35.402 INFO [main] org.apache.catalina.startup.VersionLoggerListener.log Command line argument: -Dcatalina.home=/Users/jaswa-zuch749/Desktop/HackeROFlow/HROF/build/output/tomcat
16-Apr-2020 01:20:35.402 INFO [main] org.apache.catalina.startup.VersionLoggerListener.log Command line argument: -Djava.io.tmpdir=/Users/jaswa-zuch749/Desktop/HackeROFlow/HROF/build/output/tomcat/temp
16-Apr-2020 01:20:35.402 INFO [main] org.apache.catalina.core.AprLifecycleListener.lifecycleEvent The APR based Apache Tomcat Native library which allows optimal performance in production environments was not found on the java.library.path: [/Users/jaswa-zuch749/Library/Java/Extensions:/Library/Java/Extensions:/Network/Library/Java/Extensions:/System/Library/Java/Extensions:/usr/lib/java:.]
16-Apr-2020 01:20:35.611 INFO [main] org.apache.coyote.AbstractProtocol.init Initializing ProtocolHandler ["http-nio-8080"]
16-Apr-2020 01:20:35.631 INFO [main] org.apache.coyote.AbstractProtocol.init Initializing ProtocolHandler ["ajp-nio-8009"]
16-Apr-2020 01:20:35.632 INFO [main] org.apache.catalina.startup.Catalina.load Server initialization in [373] milliseconds
16-Apr-2020 01:20:35.651 INFO [main] org.apache.catalina.core.StandardService.startInternal Starting service [Catalina]
16-Apr-2020 01:20:35.651 INFO [main] org.apache.catalina.core.StandardEngine.startInternal Starting Servlet engine: [Apache Tomcat/9.0.21]
16-Apr-2020 01:20:35.839 INFO [main] org.apache.catalina.startup.HostConfig.deployDirectory Deploying web application directory [/Users/jaswa-zuch749/Desktop/HackeROFlow/HROF/build/output/tomcat/webapps/ROOT]
16-Apr-2020 01:20:36.204 INFO [main] org.apache.jasper.servlet.TldScanner.scanJars At least one JAR was scanned for TLDs yet contained no TLDs. Enable debug logging for this logger for a complete list of JARs that were scanned but no TLDs were found in them. Skipping unneeded JARs during scanning can improve startup time and JSP compilation time.
16-Apr-2020 01:20:36.397 INFO [main] com.opensymphony.xwork2.config.providers.XmlConfigurationProvider.info Parsing configuration file [struts-default.xml]
16-Apr-2020 01:20:36.451 INFO [main] com.opensymphony.xwork2.config.providers.XmlConfigurationProvider.info Unable to locate configuration files of the name struts-plugin.xml, skipping
16-Apr-2020 01:20:36.451 INFO [main] com.opensymphony.xwork2.config.providers.XmlConfigurationProvider.info Parsing configuration file [struts-plugin.xml]
16-Apr-2020 01:20:36.459 INFO [main] com.opensymphony.xwork2.config.providers.XmlConfigurationProvider.info Parsing configuration file [struts.xml]
16-Apr-2020 01:20:36.462 INFO [main] org.apache.struts2.config.AbstractBeanSelectionProvider.info Choosing bean (struts) for (com.opensymphony.xwork2.ObjectFactory)
16-Apr-2020 01:20:36.462 INFO [main] org.apache.struts2.config.AbstractBeanSelectionProvider.info Choosing bean (struts) for (com.opensymphony.xwork2.factory.ActionFactory)
16-Apr-2020 01:20:36.462 INFO [main] org.apache.struts2.config.AbstractBeanSelectionProvider.info Choosing bean (struts) for (com.opensymphony.xwork2.factory.ResultFactory)
16-Apr-2020 01:20:36.462 INFO [main] org.apache.struts2.config.AbstractBeanSelectionProvider.info Choosing bean (struts) for (com.opensymphony.xwork2.factory.ConverterFactory)
16-Apr-2020 01:20:36.463 INFO [main] org.apache.struts2.config.AbstractBeanSelectionProvider.info Choosing bean (struts) for (com.opensymphony.xwork2.factory.InterceptorFactory)
16-Apr-2020 01:20:36.463 INFO [main] org.apache.struts2.config.AbstractBeanSelectionProvider.info Choosing bean (struts) for (com.opensymphony.xwork2.factory.ValidatorFactory)
16-Apr-2020 01:20:36.463 INFO [main] org.apache.struts2.config.AbstractBeanSelectionProvider.info Choosing bean (struts) for (com.opensymphony.xwork2.factory.UnknownHandlerFactory)
16-Apr-2020 01:20:36.463 INFO [main] org.apache.struts2.config.AbstractBeanSelectionProvider.info Choosing bean (struts) for (com.opensymphony.xwork2.FileManagerFactory)
16-Apr-2020 01:20:36.463 INFO [main] org.apache.struts2.config.AbstractBeanSelectionProvider.info Choosing bean (struts) for (com.opensymphony.xwork2.conversion.impl.XWorkConverter)
16-Apr-2020 01:20:36.463 INFO [main] org.apache.struts2.config.AbstractBeanSelectionProvider.info Choosing bean (struts) for (com.opensymphony.xwork2.conversion.impl.CollectionConverter)
16-Apr-2020 01:20:36.464 INFO [main] org.apache.struts2.config.AbstractBeanSelectionProvider.info Choosing bean (struts) for (com.opensymphony.xwork2.conversion.impl.ArrayConverter)
16-Apr-2020 01:20:36.464 INFO [main] org.apache.struts2.config.AbstractBeanSelectionProvider.info Choosing bean (struts) for (com.opensymphony.xwork2.conversion.impl.DateConverter)
16-Apr-2020 01:20:36.464 INFO [main] org.apache.struts2.config.AbstractBeanSelectionProvider.info Choosing bean (struts) for (com.opensymphony.xwork2.conversion.impl.NumberConverter)
16-Apr-2020 01:20:36.464 INFO [main] org.apache.struts2.config.AbstractBeanSelectionProvider.info Choosing bean (struts) for (com.opensymphony.xwork2.conversion.impl.StringConverter)
16-Apr-2020 01:20:36.465 INFO [main] org.apache.struts2.config.AbstractBeanSelectionProvider.info Choosing bean (struts) for (com.opensymphony.xwork2.conversion.ConversionPropertiesProcessor)
16-Apr-2020 01:20:36.465 INFO [main] org.apache.struts2.config.AbstractBeanSelectionProvider.info Choosing bean (struts) for (com.opensymphony.xwork2.conversion.ConversionFileProcessor)
16-Apr-2020 01:20:36.465 INFO [main] org.apache.struts2.config.AbstractBeanSelectionProvider.info Choosing bean (struts) for (com.opensymphony.xwork2.conversion.ConversionAnnotationProcessor)
16-Apr-2020 01:20:36.466 INFO [main] org.apache.struts2.config.AbstractBeanSelectionProvider.info Choosing bean (struts) for (com.opensymphony.xwork2.conversion.TypeConverterCreator)
16-Apr-2020 01:20:36.466 INFO [main] org.apache.struts2.config.AbstractBeanSelectionProvider.info Choosing bean (struts) for (com.opensymphony.xwork2.conversion.TypeConverterHolder)
16-Apr-2020 01:20:36.466 INFO [main] org.apache.struts2.config.AbstractBeanSelectionProvider.info Choosing bean (struts) for (com.opensymphony.xwork2.TextProvider)
16-Apr-2020 01:20:36.466 INFO [main] org.apache.struts2.config.AbstractBeanSelectionProvider.info Choosing bean (struts) for (com.opensymphony.xwork2.LocaleProvider)
16-Apr-2020 01:20:36.467 INFO [main] org.apache.struts2.config.AbstractBeanSelectionProvider.info Choosing bean (struts) for (com.opensymphony.xwork2.ActionProxyFactory)
16-Apr-2020 01:20:36.468 INFO [main] org.apache.struts2.config.AbstractBeanSelectionProvider.info Choosing bean (struts) for (com.opensymphony.xwork2.conversion.ObjectTypeDeterminer)
16-Apr-2020 01:20:36.469 INFO [main] org.apache.struts2.config.AbstractBeanSelectionProvider.info Choosing bean (struts) for (org.apache.struts2.dispatcher.mapper.ActionMapper)
16-Apr-2020 01:20:36.469 INFO [main] org.apache.struts2.config.AbstractBeanSelectionProvider.info Choosing bean (jakarta) for (org.apache.struts2.dispatcher.multipart.MultiPartRequest)
16-Apr-2020 01:20:36.470 INFO [main] org.apache.struts2.config.AbstractBeanSelectionProvider.info Choosing bean (struts) for (org.apache.struts2.views.freemarker.FreemarkerManager)
16-Apr-2020 01:20:36.472 INFO [main] org.apache.struts2.config.AbstractBeanSelectionProvider.info Choosing bean (struts) for (org.apache.struts2.components.UrlRenderer)
16-Apr-2020 01:20:36.472 INFO [main] org.apache.struts2.config.AbstractBeanSelectionProvider.info Choosing bean (struts) for (com.opensymphony.xwork2.validator.ActionValidatorManager)
16-Apr-2020 01:20:36.472 INFO [main] org.apache.struts2.config.AbstractBeanSelectionProvider.info Choosing bean (struts) for (com.opensymphony.xwork2.util.ValueStackFactory)
16-Apr-2020 01:20:36.473 INFO [main] org.apache.struts2.config.AbstractBeanSelectionProvider.info Choosing bean (struts) for (com.opensymphony.xwork2.util.reflection.ReflectionProvider)
16-Apr-2020 01:20:36.474 INFO [main] org.apache.struts2.config.AbstractBeanSelectionProvider.info Choosing bean (struts) for (com.opensymphony.xwork2.util.reflection.ReflectionContextFactory)
16-Apr-2020 01:20:36.474 INFO [main] org.apache.struts2.config.AbstractBeanSelectionProvider.info Choosing bean (struts) for (com.opensymphony.xwork2.util.PatternMatcher)
16-Apr-2020 01:20:36.475 INFO [main] org.apache.struts2.config.AbstractBeanSelectionProvider.info Choosing bean (struts) for (org.apache.struts2.util.ContentTypeMatcher)
16-Apr-2020 01:20:36.476 INFO [main] org.apache.struts2.config.AbstractBeanSelectionProvider.info Choosing bean (struts) for (org.apache.struts2.dispatcher.StaticContentLoader)
16-Apr-2020 01:20:36.476 INFO [main] org.apache.struts2.config.AbstractBeanSelectionProvider.info Choosing bean (struts) for (com.opensymphony.xwork2.UnknownHandlerManager)
16-Apr-2020 01:20:36.477 INFO [main] org.apache.struts2.config.AbstractBeanSelectionProvider.info Choosing bean (struts) for (org.apache.struts2.views.util.UrlHelper)
16-Apr-2020 01:20:36.477 INFO [main] org.apache.struts2.config.AbstractBeanSelectionProvider.info Choosing bean (struts) for (com.opensymphony.xwork2.util.TextParser)
16-Apr-2020 01:20:36.477 INFO [main] org.apache.struts2.config.AbstractBeanSelectionProvider.info Choosing bean (struts) for (org.apache.struts2.dispatcher.DispatcherErrorHandler)
16-Apr-2020 01:20:36.477 INFO [main] org.apache.struts2.config.AbstractBeanSelectionProvider.info Choosing bean (struts) for (com.opensymphony.xwork2.security.ExcludedPatternsChecker)
16-Apr-2020 01:20:36.477 INFO [main] org.apache.struts2.config.AbstractBeanSelectionProvider.info Choosing bean (struts) for (com.opensymphony.xwork2.security.AcceptedPatternsChecker)
16-Apr-2020 01:20:36.821 INFO [main] org.apache.catalina.startup.HostConfig.deployDirectory Deployment of web application directory [/Users/jaswa-zuch749/Desktop/HackeROFlow/HROF/build/output/tomcat/webapps/ROOT] has finished in [982] ms
16-Apr-2020 01:20:36.822 SEVERE [main] org.apache.catalina.mapper.MapperListener.findDefaultHost Unknown default host [localhost] for service [StandardService[Catalina]]. Tomcat will not be able process HTTP/1.0 requests that do not specify a host name.
16-Apr-2020 01:20:36.823 SEVERE [main] org.apache.catalina.mapper.MapperListener.findDefaultHost Unknown default host [localhost] for service [StandardService[Catalina]]. Tomcat will not be able process HTTP/1.0 requests that do not specify a host name.
16-Apr-2020 01:20:36.823 INFO [main] org.apache.coyote.AbstractProtocol.start Starting ProtocolHandler ["http-nio-8080"]
16-Apr-2020 01:20:36.828 INFO [main] org.apache.coyote.AbstractProtocol.start Starting ProtocolHandler ["ajp-nio-8009"]
16-Apr-2020 01:20:36.830 INFO [main] org.apache.catalina.startup.Catalina.start Server startup in [1,198] milliseconds
16-Apr-2020 01:21:16.415 INFO [Thread-5] org.apache.coyote.AbstractProtocol.pause Pausing ProtocolHandler ["http-nio-8080"]
16-Apr-2020 01:21:16.420 INFO [Thread-5] org.apache.coyote.AbstractProtocol.pause Pausing ProtocolHandler ["ajp-nio-8009"]
16-Apr-2020 01:21:16.427 INFO [Thread-5] org.apache.catalina.core.StandardService.stopInternal Stopping service [Catalina]
16-Apr-2020 01:21:16.428 SEVERE [Thread-5] org.apache.catalina.mapper.MapperListener.findDefaultHost Unknown default host [localhost] for service [StandardService[Catalina]]. Tomcat will not be able process HTTP/1.0 requests that do not specify a host name.
16-Apr-2020 01:21:16.446 INFO [Thread-5] org.apache.coyote.AbstractProtocol.stop Stopping ProtocolHandler ["http-nio-8080"]
16-Apr-2020 01:21:16.447 INFO [Thread-5] org.apache.coyote.AbstractProtocol.stop Stopping ProtocolHandler ["ajp-nio-8009"]
16-Apr-2020 01:21:16.448 INFO [Thread-5] org.apache.coyote.AbstractProtocol.destroy Destroying ProtocolHandler ["http-nio-8080"]
16-Apr-2020 01:21:16.449 INFO [Thread-5] org.apache.coyote.AbstractProtocol.destroy Destroying ProtocolHandler ["ajp-nio-8009"]
